This is pdfTeX, Version 3.141592653-2.6-1.40.23 (TeX Live 2022/dev) (preloaded format=pdflatex 2021.10.20)  8 JAN 2022 13:43
entering extended mode
 restricted \write18 enabled.
 %&-line parsing enabled.
**AlejandroAlarcon_Final.Rmd.tex
(./AlejandroAlarcon_Final.Rmd.tex
LaTeX2e <2021-06-01> patch level 1
L3 programming layer <2021-10-18> (/Users/aleibz/Library/TinyTeX/texmf-dist/tex
/latex/base/article.cls
Document Class: article 2021/02/12 v1.4n Standard LaTeX document class
(/Users/aleibz/Library/TinyTeX/texmf-dist/tex/latex/base/size10.clo
File: size10.clo 2021/02/12 v1.4n Standard LaTeX file (size option)
)
\c@part=\count182
\c@section=\count183
\c@subsection=\count184
\c@subsubsection=\count185
\c@paragraph=\count186
\c@subparagraph=\count187
\c@figure=\count188
\c@table=\count189
\abovecaptionskip=\skip47
\belowcaptionskip=\skip48
\bibindent=\dimen138
) (/Users/aleibz/Library/TinyTeX/texmf-dist/tex/latex/etoolbox/etoolbox.sty
Package: etoolbox 2020/10/05 v2.5k e-TeX tools for LaTeX (JAW)
\etb@tempcnta=\count190
) (/Users/aleibz/Library/TinyTeX/texmf-dist/tex/latex/amsmath/amsmath.sty
Package: amsmath 2021/04/20 v2.17j AMS math features
\@mathmargin=\skip49
For additional information on amsmath, use the `?' option.
(/Users/aleibz/Library/TinyTeX/texmf-dist/tex/latex/amsmath/amstext.sty
Package: amstext 2000/06/29 v2.01 AMS text
(/Users/aleibz/Library/TinyTeX/texmf-dist/tex/latex/amsmath/amsgen.sty
File: amsgen.sty 1999/11/30 v2.0 generic functions
\@emptytoks=\toks16
\ex@=\dimen139
)) (/Users/aleibz/Library/TinyTeX/texmf-dist/tex/latex/amsmath/amsbsy.sty
Package: amsbsy 1999/11/29 v1.2d Bold Symbols
\pmbraise@=\dimen140
) (/Users/aleibz/Library/TinyTeX/texmf-dist/tex/latex/amsmath/amsopn.sty
Package: amsopn 2016/03/08 v2.02 operator names
)
\inf@bad=\count191
LaTeX Info: Redefining \frac on input line 234.
\uproot@=\count192
\leftroot@=\count193
LaTeX Info: Redefining \overline on input line 399.
\classnum@=\count194
\DOTSCASE@=\count195
LaTeX Info: Redefining \ldots on input line 496.
LaTeX Info: Redefining \dots on input line 499.
LaTeX Info: Redefining \cdots on input line 620.
\Mathstrutbox@=\box50
\strutbox@=\box51
\big@size=\dimen141
LaTeX Font Info:    Redeclaring font encoding OML on input line 743.
LaTeX Font Info:    Redeclaring font encoding OMS on input line 744.
\macc@depth=\count196
\c@MaxMatrixCols=\count197
\dotsspace@=\muskip16
\c@parentequation=\count198
\dspbrk@lvl=\count199
\tag@help=\toks17
\row@=\count266
\column@=\count267
\maxfields@=\count268
\andhelp@=\toks18
\eqnshift@=\dimen142
\alignsep@=\dimen143
\tagshift@=\dimen144
\tagwidth@=\dimen145
\totwidth@=\dimen146
\lineht@=\dimen147
\@envbody=\toks19
\multlinegap=\skip50
\multlinetaggap=\skip51
\mathdisplay@stack=\toks20
LaTeX Info: Redefining \[ on input line 2923.
LaTeX Info: Redefining \] on input line 2924.
) (/Users/aleibz/Library/TinyTeX/texmf-dist/tex/latex/amsfonts/amssymb.sty
Package: amssymb 2013/01/14 v3.01 AMS font symbols
(/Users/aleibz/Library/TinyTeX/texmf-dist/tex/latex/amsfonts/amsfonts.sty
Package: amsfonts 2013/01/14 v3.01 Basic AMSFonts support
\symAMSa=\mathgroup4
\symAMSb=\mathgroup5
LaTeX Font Info:    Redeclaring math symbol \hbar on input line 98.
LaTeX Font Info:    Overwriting math alphabet `\mathfrak' in version `bold'
(Font)                  U/euf/m/n --> U/euf/b/n on input line 106.
)) (/Users/aleibz/Library/TinyTeX/texmf-dist/tex/latex/lm/lmodern.sty
Package: lmodern 2015/05/01 v1.6.1 Latin Modern Fonts
LaTeX Font Info:    Overwriting symbol font `operators' in version `normal'
(Font)                  OT1/cmr/m/n --> OT1/lmr/m/n on input line 22.
LaTeX Font Info:    Overwriting symbol font `letters' in version `normal'
(Font)                  OML/cmm/m/it --> OML/lmm/m/it on input line 23.
LaTeX Font Info:    Overwriting symbol font `symbols' in version `normal'
(Font)                  OMS/cmsy/m/n --> OMS/lmsy/m/n on input line 24.
LaTeX Font Info:    Overwriting symbol font `largesymbols' in version `normal'
(Font)                  OMX/cmex/m/n --> OMX/lmex/m/n on input line 25.
LaTeX Font Info:    Overwriting symbol font `operators' in version `bold'
(Font)                  OT1/cmr/bx/n --> OT1/lmr/bx/n on input line 26.
LaTeX Font Info:    Overwriting symbol font `letters' in version `bold'
(Font)                  OML/cmm/b/it --> OML/lmm/b/it on input line 27.
LaTeX Font Info:    Overwriting symbol font `symbols' in version `bold'
(Font)                  OMS/cmsy/b/n --> OMS/lmsy/b/n on input line 28.
LaTeX Font Info:    Overwriting symbol font `largesymbols' in version `bold'
(Font)                  OMX/cmex/m/n --> OMX/lmex/m/n on input line 29.
LaTeX Font Info:    Overwriting math alphabet `\mathbf' in version `normal'
(Font)                  OT1/cmr/bx/n --> OT1/lmr/bx/n on input line 31.
LaTeX Font Info:    Overwriting math alphabet `\mathsf' in version `normal'
(Font)                  OT1/cmss/m/n --> OT1/lmss/m/n on input line 32.
LaTeX Font Info:    Overwriting math alphabet `\mathit' in version `normal'
(Font)                  OT1/cmr/m/it --> OT1/lmr/m/it on input line 33.
LaTeX Font Info:    Overwriting math alphabet `\mathtt' in version `normal'
(Font)                  OT1/cmtt/m/n --> OT1/lmtt/m/n on input line 34.
LaTeX Font Info:    Overwriting math alphabet `\mathbf' in version `bold'
(Font)                  OT1/cmr/bx/n --> OT1/lmr/bx/n on input line 35.
LaTeX Font Info:    Overwriting math alphabet `\mathsf' in version `bold'
(Font)                  OT1/cmss/bx/n --> OT1/lmss/bx/n on input line 36.
LaTeX Font Info:    Overwriting math alphabet `\mathit' in version `bold'
(Font)                  OT1/cmr/bx/it --> OT1/lmr/bx/it on input line 37.
LaTeX Font Info:    Overwriting math alphabet `\mathtt' in version `bold'
(Font)                  OT1/cmtt/m/n --> OT1/lmtt/m/n on input line 38.
) (/Users/aleibz/Library/TinyTeX/texmf-dist/tex/generic/iftex/iftex.sty
Package: iftex 2020/03/06 v1.0d TeX engine tests
) (/Users/aleibz/Library/TinyTeX/texmf-dist/tex/latex/base/fontenc.sty
Package: fontenc 2021/04/29 v2.0v Standard LaTeX package
LaTeX Font Info:    Trying to load font information for T1+lmr on input line 11
2.
(/Users/aleibz/Library/TinyTeX/texmf-dist/tex/latex/lm/t1lmr.fd
File: t1lmr.fd 2015/05/01 v1.6.1 Font defs for Latin Modern
)) (/Users/aleibz/Library/TinyTeX/texmf-dist/tex/latex/base/inputenc.sty
Package: inputenc 2021/02/14 v1.3d Input encoding file
\inpenc@prehook=\toks21
\inpenc@posthook=\toks22
) (/Users/aleibz/Library/TinyTeX/texmf-dist/tex/latex/base/textcomp.sty
Package: textcomp 2020/02/02 v2.0n Standard LaTeX package
) (/Users/aleibz/Library/TinyTeX/texmf-dist/tex/latex/xcolor/xcolor.sty
Package: xcolor 2016/05/11 v2.12 LaTeX color extensions (UK)
(/Users/aleibz/Library/TinyTeX/texmf-dist/tex/latex/graphics-cfg/color.cfg
File: color.cfg 2016/01/02 v1.6 sample color configuration
)
Package xcolor Info: Driver file: pdftex.def on input line 225.
(/Users/aleibz/Library/TinyTeX/texmf-dist/tex/latex/graphics-def/pdftex.def
File: pdftex.def 2020/10/05 v1.2a Graphics/color driver for pdftex
)
Package xcolor Info: Model `cmy' substituted by `cmy0' on input line 1348.
Package xcolor Info: Model `hsb' substituted by `rgb' on input line 1352.
Package xcolor Info: Model `RGB' extended on input line 1364.
Package xcolor Info: Model `HTML' substituted by `rgb' on input line 1366.
Package xcolor Info: Model `Hsb' substituted by `hsb' on input line 1367.
Package xcolor Info: Model `tHsb' substituted by `hsb' on input line 1368.
Package xcolor Info: Model `HSB' substituted by `hsb' on input line 1369.
Package xcolor Info: Model `Gray' substituted by `gray' on input line 1370.
Package xcolor Info: Model `wave' substituted by `hsb' on input line 1371.
) (/Users/aleibz/Library/TinyTeX/texmf-dist/tex/latex/hyperref/hyperref.sty
Package: hyperref 2021-06-07 v7.00m Hypertext links for LaTeX
(/Users/aleibz/Library/TinyTeX/texmf-dist/tex/generic/ltxcmds/ltxcmds.sty
Package: ltxcmds 2020-05-10 v1.25 LaTeX kernel commands for general use (HO)
)
(/Users/aleibz/Library/TinyTeX/texmf-dist/tex/generic/pdftexcmds/pdftexcmds.sty
Package: pdftexcmds 2020-06-27 v0.33 Utility functions of pdfTeX for LuaTeX (HO
)
(/Users/aleibz/Library/TinyTeX/texmf-dist/tex/generic/infwarerr/infwarerr.sty
Package: infwarerr 2019/12/03 v1.5 Providing info/warning/error messages (HO)
)
Package pdftexcmds Info: \pdf@primitive is available.
Package pdftexcmds Info: \pdf@ifprimitive is available.
Package pdftexcmds Info: \pdfdraftmode found.
) (/Users/aleibz/Library/TinyTeX/texmf-dist/tex/latex/graphics/keyval.sty
Package: keyval 2014/10/28 v1.15 key=value parser (DPC)
\KV@toks@=\toks23
) (/Users/aleibz/Library/TinyTeX/texmf-dist/tex/generic/kvsetkeys/kvsetkeys.sty
Package: kvsetkeys 2019/12/15 v1.18 Key value parser (HO)
)
(/Users/aleibz/Library/TinyTeX/texmf-dist/tex/generic/kvdefinekeys/kvdefinekeys
.sty
Package: kvdefinekeys 2019-12-19 v1.6 Define keys (HO)
) (/Users/aleibz/Library/TinyTeX/texmf-dist/tex/generic/pdfescape/pdfescape.sty
Package: pdfescape 2019/12/09 v1.15 Implements pdfTeX's escape features (HO)
) (/Users/aleibz/Library/TinyTeX/texmf-dist/tex/latex/hycolor/hycolor.sty
Package: hycolor 2020-01-27 v1.10 Color options for hyperref/bookmark (HO)
)
(/Users/aleibz/Library/TinyTeX/texmf-dist/tex/latex/letltxmacro/letltxmacro.sty
Package: letltxmacro 2019/12/03 v1.6 Let assignment for LaTeX macros (HO)
) (/Users/aleibz/Library/TinyTeX/texmf-dist/tex/latex/auxhook/auxhook.sty
Package: auxhook 2019-12-17 v1.6 Hooks for auxiliary files (HO)
) (/Users/aleibz/Library/TinyTeX/texmf-dist/tex/latex/kvoptions/kvoptions.sty
Package: kvoptions 2020-10-07 v3.14 Key value format for package options (HO)
)
\@linkdim=\dimen148
\Hy@linkcounter=\count269
\Hy@pagecounter=\count270
(/Users/aleibz/Library/TinyTeX/texmf-dist/tex/latex/hyperref/pd1enc.def
File: pd1enc.def 2021-06-07 v7.00m Hyperref: PDFDocEncoding definition (HO)
Now handling font encoding PD1 ...
... no UTF-8 mapping file for font encoding PD1
)
(/Users/aleibz/Library/TinyTeX/texmf-dist/tex/latex/hyperref/hyperref-langpatch
es.def
File: hyperref-langpatches.def 2021-06-07 v7.00m Hyperref: patches for babel la
nguages
) (/Users/aleibz/Library/TinyTeX/texmf-dist/tex/generic/intcalc/intcalc.sty
Package: intcalc 2019/12/15 v1.3 Expandable calculations with integers (HO)
) (/Users/aleibz/Library/TinyTeX/texmf-dist/tex/generic/etexcmds/etexcmds.sty
Package: etexcmds 2019/12/15 v1.7 Avoid name clashes with e-TeX commands (HO)
)
\Hy@SavedSpaceFactor=\count271
(/Users/aleibz/Library/TinyTeX/texmf-dist/tex/latex/hyperref/puenc.def
File: puenc.def 2021-06-07 v7.00m Hyperref: PDF Unicode definition (HO)
Now handling font encoding PU ...
... no UTF-8 mapping file for font encoding PU
)
Package hyperref Info: Option `unicode' set `true' on input line 4073.
Package hyperref Info: Hyper figures OFF on input line 4192.
Package hyperref Info: Link nesting OFF on input line 4197.
Package hyperref Info: Hyper index ON on input line 4200.
Package hyperref Info: Plain pages OFF on input line 4207.
Package hyperref Info: Backreferencing OFF on input line 4212.
Package hyperref Info: Implicit mode ON; LaTeX internals redefined.
Package hyperref Info: Bookmarks ON on input line 4445.
\c@Hy@tempcnt=\count272
(/Users/aleibz/Library/TinyTeX/texmf-dist/tex/latex/url/url.sty
\Urlmuskip=\muskip17
Package: url 2013/09/16  ver 3.4  Verb mode for urls, etc.
)
LaTeX Info: Redefining \url on input line 4804.
\XeTeXLinkMargin=\dimen149
(/Users/aleibz/Library/TinyTeX/texmf-dist/tex/generic/bitset/bitset.sty
Package: bitset 2019/12/09 v1.3 Handle bit-vector datatype (HO)

(/Users/aleibz/Library/TinyTeX/texmf-dist/tex/generic/bigintcalc/bigintcalc.sty
Package: bigintcalc 2019/12/15 v1.5 Expandable calculations on big integers (HO
)
))
\Fld@menulength=\count273
\Field@Width=\dimen150
\Fld@charsize=\dimen151
Package hyperref Info: Hyper figures OFF on input line 6076.
Package hyperref Info: Link nesting OFF on input line 6081.
Package hyperref Info: Hyper index ON on input line 6084.
Package hyperref Info: backreferencing OFF on input line 6091.
Package hyperref Info: Link coloring OFF on input line 6096.
Package hyperref Info: Link coloring with OCG OFF on input line 6101.
Package hyperref Info: PDF/A mode OFF on input line 6106.
LaTeX Info: Redefining \ref on input line 6146.
LaTeX Info: Redefining \pageref on input line 6150.
(/Users/aleibz/Library/TinyTeX/texmf-dist/tex/latex/base/atbegshi-ltx.sty
Package: atbegshi-ltx 2021/01/10 v1.0c Emulation of the original atbegshi
package with kernel methods
)
\Hy@abspage=\count274
\c@Item=\count275
\c@Hfootnote=\count276
)
Package hyperref Info: Driver (autodetected): hpdftex.
(/Users/aleibz/Library/TinyTeX/texmf-dist/tex/latex/hyperref/hpdftex.def
File: hpdftex.def 2021-06-07 v7.00m Hyperref driver for pdfTeX
(/Users/aleibz/Library/TinyTeX/texmf-dist/tex/latex/base/atveryend-ltx.sty
Package: atveryend-ltx 2020/08/19 v1.0a Emulation of the original atvery packag
e
with kernel methods
)
\Fld@listcount=\count277
\c@bookmark@seq@number=\count278

(/Users/aleibz/Library/TinyTeX/texmf-dist/tex/latex/rerunfilecheck/rerunfileche
ck.sty
Package: rerunfilecheck 2019/12/05 v1.9 Rerun checks for auxiliary files (HO)

(/Users/aleibz/Library/TinyTeX/texmf-dist/tex/generic/uniquecounter/uniquecount
er.sty
Package: uniquecounter 2019/12/15 v1.4 Provide unlimited unique counter (HO)
)
Package uniquecounter Info: New unique counter `rerunfilecheck' on input line 2
86.
)
\Hy@SectionHShift=\skip52
) (/Users/aleibz/Library/TinyTeX/texmf-dist/tex/latex/geometry/geometry.sty
Package: geometry 2020/01/02 v5.9 Page Geometry
(/Users/aleibz/Library/TinyTeX/texmf-dist/tex/generic/iftex/ifvtex.sty
Package: ifvtex 2019/10/25 v1.7 ifvtex legacy package. Use iftex instead.
)
\Gm@cnth=\count279
\Gm@cntv=\count280
\c@Gm@tempcnt=\count281
\Gm@bindingoffset=\dimen152
\Gm@wd@mp=\dimen153
\Gm@odd@mp=\dimen154
\Gm@even@mp=\dimen155
\Gm@layoutwidth=\dimen156
\Gm@layoutheight=\dimen157
\Gm@layouthoffset=\dimen158
\Gm@layoutvoffset=\dimen159
\Gm@dimlist=\toks24
) (/Users/aleibz/Library/TinyTeX/texmf-dist/tex/latex/fancyvrb/fancyvrb.sty
Package: fancyvrb 2021/10/15 v3.9 verbatim text (tvz,hv)
\FV@CodeLineNo=\count282
\FV@InFile=\read2
\FV@TabBox=\box52
\c@FancyVerbLine=\count283
\FV@StepNumber=\count284
\FV@OutFile=\write3
) (/Users/aleibz/Library/TinyTeX/texmf-dist/tex/latex/framed/framed.sty
Package: framed 2011/10/22 v 0.96: framed or shaded text with page breaks
\OuterFrameSep=\skip53
\fb@frw=\dimen160
\fb@frh=\dimen161
\FrameRule=\dimen162
\FrameSep=\dimen163
) (/Users/aleibz/Library/TinyTeX/texmf-dist/tex/latex/graphics/graphicx.sty
Package: graphicx 2020/12/05 v1.2c Enhanced LaTeX Graphics (DPC,SPQR)
(/Users/aleibz/Library/TinyTeX/texmf-dist/tex/latex/graphics/graphics.sty
Package: graphics 2021/03/04 v1.4d Standard LaTeX Graphics (DPC,SPQR)
(/Users/aleibz/Library/TinyTeX/texmf-dist/tex/latex/graphics/trig.sty
Package: trig 2016/01/03 v1.10 sin cos tan (DPC)
) (/Users/aleibz/Library/TinyTeX/texmf-dist/tex/latex/graphics-cfg/graphics.cfg
File: graphics.cfg 2016/06/04 v1.11 sample graphics configuration
)
Package graphics Info: Driver file: pdftex.def on input line 107.
)
\Gin@req@height=\dimen164
\Gin@req@width=\dimen165
)
(/Users/aleibz/Library/TinyTeX/texmf-dist/tex/latex/l3backend/l3backend-pdftex.
def
File: l3backend-pdftex.def 2021-10-18 L3 backend support: PDF output (pdfTeX)
\l__color_backend_stack_int=\count285
\l__pdf_internal_box=\box53
)

LaTeX Warning: Unused global option(s):
    [18pt].

(./AlejandroAlarcon_Final.Rmd.aux)
\openout1 = `AlejandroAlarcon_Final.Rmd.aux'.

LaTeX Font Info:    Checking defaults for OML/cmm/m/it on input line 118.
LaTeX Font Info:    ... okay on input line 118.
LaTeX Font Info:    Checking defaults for OMS/cmsy/m/n on input line 118.
LaTeX Font Info:    ... okay on input line 118.
LaTeX Font Info:    Checking defaults for OT1/cmr/m/n on input line 118.
LaTeX Font Info:    ... okay on input line 118.
LaTeX Font Info:    Checking defaults for T1/cmr/m/n on input line 118.
LaTeX Font Info:    ... okay on input line 118.
LaTeX Font Info:    Checking defaults for TS1/cmr/m/n on input line 118.
LaTeX Font Info:    ... okay on input line 118.
LaTeX Font Info:    Checking defaults for OMX/cmex/m/n on input line 118.
LaTeX Font Info:    ... okay on input line 118.
LaTeX Font Info:    Checking defaults for U/cmr/m/n on input line 118.
LaTeX Font Info:    ... okay on input line 118.
LaTeX Font Info:    Checking defaults for PD1/pdf/m/n on input line 118.
LaTeX Font Info:    ... okay on input line 118.
LaTeX Font Info:    Checking defaults for PU/pdf/m/n on input line 118.
LaTeX Font Info:    ... okay on input line 118.

(/Users/aleibz/Library/TinyTeX/texmf-dist/tex/latex/epstopdf-pkg/epstopdf-base.
sty
Package: epstopdf-base 2020-01-24 v2.11 Base part for package epstopdf
Package epstopdf-base Info: Redefining graphics rule for `.eps' on input line 4
85.

(/Users/aleibz/Library/TinyTeX/texmf-dist/tex/latex/latexconfig/epstopdf-sys.cf
g
File: epstopdf-sys.cfg 2010/07/13 v1.3 Configuration of (r)epstopdf for TeX Liv
e
))
Package hyperref Info: Link coloring OFF on input line 118.
(/Users/aleibz/Library/TinyTeX/texmf-dist/tex/latex/hyperref/nameref.sty
Package: nameref 2021-04-02 v2.47 Cross-referencing by name of section
(/Users/aleibz/Library/TinyTeX/texmf-dist/tex/latex/refcount/refcount.sty
Package: refcount 2019/12/15 v3.6 Data extraction from label references (HO)
)
(/Users/aleibz/Library/TinyTeX/texmf-dist/tex/generic/gettitlestring/gettitlest
ring.sty
Package: gettitlestring 2019/12/15 v1.6 Cleanup title references (HO)
)
\c@section@level=\count286
)
LaTeX Info: Redefining \ref on input line 118.
LaTeX Info: Redefining \pageref on input line 118.
LaTeX Info: Redefining \nameref on input line 118.
(./AlejandroAlarcon_Final.Rmd.out) (./AlejandroAlarcon_Final.Rmd.out)
\@outlinefile=\write4
\openout4 = `AlejandroAlarcon_Final.Rmd.out'.

*geometry* driver: auto-detecting
*geometry* detected driver: pdftex
*geometry* verbose mode - [ preamble ] result:
* driver: pdftex
* paper: a4paper
* layout: <same size as paper>
* layoutoffset:(h,v)=(0.0pt,0.0pt)
* modes: 
* h-part:(L,W,R)=(54.06006pt, 489.38776pt, 54.06006pt)
* v-part:(T,H,B)=(35.56593pt, 766.2326pt, 43.2483pt)
* \paperwidth=597.50787pt
* \paperheight=845.04684pt
* \textwidth=489.38776pt
* \textheight=766.2326pt
* \oddsidemargin=-18.20993pt
* \evensidemargin=-18.20993pt
* \topmargin=-73.70406pt
* \headheight=12.0pt
* \headsep=25.0pt
* \topskip=10.0pt
* \footskip=30.0pt
* \marginparwidth=57.0pt
* \marginparsep=11.0pt
* \columnsep=10.0pt
* \skip\footins=9.0pt plus 4.0pt minus 2.0pt
* \hoffset=0.0pt
* \voffset=0.0pt
* \mag=1000
* \@twocolumnfalse
* \@twosidefalse
* \@mparswitchfalse
* \@reversemarginfalse
* (1in=72.27pt=25.4mm, 1cm=28.453pt)

LaTeX Font Info:    Trying to load font information for OT1+lmr on input line 1
20.
(/Users/aleibz/Library/TinyTeX/texmf-dist/tex/latex/lm/ot1lmr.fd
File: ot1lmr.fd 2015/05/01 v1.6.1 Font defs for Latin Modern
)
LaTeX Font Info:    Trying to load font information for OML+lmm on input line 1
20.
(/Users/aleibz/Library/TinyTeX/texmf-dist/tex/latex/lm/omllmm.fd
File: omllmm.fd 2015/05/01 v1.6.1 Font defs for Latin Modern
)
LaTeX Font Info:    Trying to load font information for OMS+lmsy on input line 
120.
(/Users/aleibz/Library/TinyTeX/texmf-dist/tex/latex/lm/omslmsy.fd
File: omslmsy.fd 2015/05/01 v1.6.1 Font defs for Latin Modern
)
LaTeX Font Info:    Trying to load font information for OMX+lmex on input line 
120.
(/Users/aleibz/Library/TinyTeX/texmf-dist/tex/latex/lm/omxlmex.fd
File: omxlmex.fd 2015/05/01 v1.6.1 Font defs for Latin Modern
)
LaTeX Font Info:    External font `lmex10' loaded for size
(Font)              <12> on input line 120.
LaTeX Font Info:    External font `lmex10' loaded for size
(Font)              <8> on input line 120.
LaTeX Font Info:    External font `lmex10' loaded for size
(Font)              <6> on input line 120.
LaTeX Font Info:    Trying to load font information for U+msa on input line 120
.
(/Users/aleibz/Library/TinyTeX/texmf-dist/tex/latex/amsfonts/umsa.fd
File: umsa.fd 2013/01/14 v3.01 AMS symbols A
)
LaTeX Font Info:    Trying to load font information for U+msb on input line 120
.
(/Users/aleibz/Library/TinyTeX/texmf-dist/tex/latex/amsfonts/umsb.fd
File: umsb.fd 2013/01/14 v3.01 AMS symbols B
) (./AlejandroAlarcon_Final.Rmd.toc
LaTeX Font Info:    External font `lmex10' loaded for size
(Font)              <10> on input line 2.
LaTeX Font Info:    External font `lmex10' loaded for size
(Font)              <7> on input line 2.
LaTeX Font Info:    External font `lmex10' loaded for size
(Font)              <5> on input line 2.
[1

{/Users/aleibz/Library/TinyTeX/texmf-var/fonts/map/pdftex/updmap/pdftex.map}])
\tf@toc=\write5
\openout5 = `AlejandroAlarcon_Final.Rmd.toc'.

[2]
LaTeX Font Info:    Trying to load font information for T1+lmtt on input line 1
27.
(/Users/aleibz/Library/TinyTeX/texmf-dist/tex/latex/lm/t1lmtt.fd
File: t1lmtt.fd 2015/05/01 v1.6.1 Font defs for Latin Modern
) [3]
Overfull \hbox (403.10965pt too wide) in paragraph at lines 268--268
[]\T1/lmtt/m/n/10 Henningsen, Arne and Toomet, Ott (2011). maxLik: A package fo
r maximum likelihood estimation in R. Computational Statistics 26(3), 443-458. 
DOI 10.1007/s00180-010-0217-1.[] 
 []


Overfull \hbox (229.86015pt too wide) in paragraph at lines 268--268
[]\T1/lmtt/m/n/10 If you have questions, suggestions, or comments regarding the
 'maxLik' package, please use a forum or 'tracker' at maxLik's R-Forge site:[] 

 []

[4] [5] [6] [7]
<AlejandroAlarcon_Final.Rmd_files/figure-latex/unnamed-chunk-7-1.pdf, id=364, 4
69.755pt x 325.215pt>
File: AlejandroAlarcon_Final.Rmd_files/figure-latex/unnamed-chunk-7-1.pdf Graph
ic file (type pdf)
<use AlejandroAlarcon_Final.Rmd_files/figure-latex/unnamed-chunk-7-1.pdf>
Package pdftex.def Info: AlejandroAlarcon_Final.Rmd_files/figure-latex/unnamed-
chunk-7-1.pdf  used on input line 560.
(pdftex.def)             Requested size: 469.75386pt x 325.2142pt.
[8]
<AlejandroAlarcon_Final.Rmd_files/figure-latex/unnamed-chunk-8-1.pdf, id=369, 4
69.755pt x 325.215pt>
File: AlejandroAlarcon_Final.Rmd_files/figure-latex/unnamed-chunk-8-1.pdf Graph
ic file (type pdf)
<use AlejandroAlarcon_Final.Rmd_files/figure-latex/unnamed-chunk-8-1.pdf>
Package pdftex.def Info: AlejandroAlarcon_Final.Rmd_files/figure-latex/unnamed-
chunk-8-1.pdf  used on input line 605.
(pdftex.def)             Requested size: 469.75386pt x 325.2142pt.
[9 <./AlejandroAlarcon_Final.Rmd_files/figure-latex/unnamed-chunk-7-1.pdf>]
<AlejandroAlarcon_Final.Rmd_files/figure-latex/unnamed-chunk-8-2.pdf, id=381, 4
69.755pt x 325.215pt>
File: AlejandroAlarcon_Final.Rmd_files/figure-latex/unnamed-chunk-8-2.pdf Graph
ic file (type pdf)
<use AlejandroAlarcon_Final.Rmd_files/figure-latex/unnamed-chunk-8-2.pdf>
Package pdftex.def Info: AlejandroAlarcon_Final.Rmd_files/figure-latex/unnamed-
chunk-8-2.pdf  used on input line 614.
(pdftex.def)             Requested size: 469.75386pt x 325.2142pt.
<AlejandroAlarcon_Final.Rmd_files/figure-latex/unnamed-chunk-8-3.pdf, id=382, 4
69.755pt x 325.215pt>
File: AlejandroAlarcon_Final.Rmd_files/figure-latex/unnamed-chunk-8-3.pdf Graph
ic file (type pdf)
<use AlejandroAlarcon_Final.Rmd_files/figure-latex/unnamed-chunk-8-3.pdf>
Package pdftex.def Info: AlejandroAlarcon_Final.Rmd_files/figure-latex/unnamed-
chunk-8-3.pdf  used on input line 623.
(pdftex.def)             Requested size: 469.75386pt x 325.2142pt.
[10 <./AlejandroAlarcon_Final.Rmd_files/figure-latex/unnamed-chunk-8-1.pdf> <./
AlejandroAlarcon_Final.Rmd_files/figure-latex/unnamed-chunk-8-2.pdf>]
<AlejandroAlarcon_Final.Rmd_files/figure-latex/unnamed-chunk-8-4.pdf, id=399, 4
69.755pt x 325.215pt>
File: AlejandroAlarcon_Final.Rmd_files/figure-latex/unnamed-chunk-8-4.pdf Graph
ic file (type pdf)
<use AlejandroAlarcon_Final.Rmd_files/figure-latex/unnamed-chunk-8-4.pdf>
Package pdftex.def Info: AlejandroAlarcon_Final.Rmd_files/figure-latex/unnamed-
chunk-8-4.pdf  used on input line 632.
(pdftex.def)             Requested size: 469.75386pt x 325.2142pt.
<AlejandroAlarcon_Final.Rmd_files/figure-latex/unnamed-chunk-8-5.pdf, id=400, 4
69.755pt x 325.215pt>
File: AlejandroAlarcon_Final.Rmd_files/figure-latex/unnamed-chunk-8-5.pdf Graph
ic file (type pdf)
<use AlejandroAlarcon_Final.Rmd_files/figure-latex/unnamed-chunk-8-5.pdf>
Package pdftex.def Info: AlejandroAlarcon_Final.Rmd_files/figure-latex/unnamed-
chunk-8-5.pdf  used on input line 641.
(pdftex.def)             Requested size: 469.75386pt x 325.2142pt.
[11 <./AlejandroAlarcon_Final.Rmd_files/figure-latex/unnamed-chunk-8-3.pdf> <./
AlejandroAlarcon_Final.Rmd_files/figure-latex/unnamed-chunk-8-4.pdf>]
LaTeX Font Info:    Font shape `T1/lmtt/bx/n' in size <10> not available
(Font)              Font shape `T1/lmtt/b/n' tried instead on input line 647.
[12 <./AlejandroAlarcon_Final.Rmd_files/figure-latex/unnamed-chunk-8-5.pdf>] [1
3] [14] [15]
<AlejandroAlarcon_Final.Rmd_files/figure-latex/unnamed-chunk-14-1.pdf, id=444, 
469.755pt x 325.215pt>
File: AlejandroAlarcon_Final.Rmd_files/figure-latex/unnamed-chunk-14-1.pdf Grap
hic file (type pdf)
<use AlejandroAlarcon_Final.Rmd_files/figure-latex/unnamed-chunk-14-1.pdf>
Package pdftex.def Info: AlejandroAlarcon_Final.Rmd_files/figure-latex/unnamed-
chunk-14-1.pdf  used on input line 873.
(pdftex.def)             Requested size: 469.75386pt x 325.2142pt.
[16 <./AlejandroAlarcon_Final.Rmd_files/figure-latex/unnamed-chunk-14-1.pdf>] [
17] [18] [19] [20] [21] [22] [23]
<AlejandroAlarcon_Final.Rmd_files/figure-latex/unnamed-chunk-29-1.pdf, id=489, 
469.755pt x 325.215pt>
File: AlejandroAlarcon_Final.Rmd_files/figure-latex/unnamed-chunk-29-1.pdf Grap
hic file (type pdf)
<use AlejandroAlarcon_Final.Rmd_files/figure-latex/unnamed-chunk-29-1.pdf>
Package pdftex.def Info: AlejandroAlarcon_Final.Rmd_files/figure-latex/unnamed-
chunk-29-1.pdf  used on input line 1341.
(pdftex.def)             Requested size: 469.75386pt x 325.2142pt.
[24 <./AlejandroAlarcon_Final.Rmd_files/figure-latex/unnamed-chunk-29-1.pdf>]
<AlejandroAlarcon_Final.Rmd_files/figure-latex/unnamed-chunk-31-1.pdf, id=501, 
469.755pt x 325.215pt>
File: AlejandroAlarcon_Final.Rmd_files/figure-latex/unnamed-chunk-31-1.pdf Grap
hic file (type pdf)
<use AlejandroAlarcon_Final.Rmd_files/figure-latex/unnamed-chunk-31-1.pdf>
Package pdftex.def Info: AlejandroAlarcon_Final.Rmd_files/figure-latex/unnamed-
chunk-31-1.pdf  used on input line 1404.
(pdftex.def)             Requested size: 469.75386pt x 325.2142pt.
[25 <./AlejandroAlarcon_Final.Rmd_files/figure-latex/unnamed-chunk-31-1.pdf>]
<AlejandroAlarcon_Final.Rmd_files/figure-latex/unnamed-chunk-33-1.pdf, id=514, 
469.755pt x 325.215pt>
File: AlejandroAlarcon_Final.Rmd_files/figure-latex/unnamed-chunk-33-1.pdf Grap
hic file (type pdf)
<use AlejandroAlarcon_Final.Rmd_files/figure-latex/unnamed-chunk-33-1.pdf>
Package pdftex.def Info: AlejandroAlarcon_Final.Rmd_files/figure-latex/unnamed-
chunk-33-1.pdf  used on input line 1465.
(pdftex.def)             Requested size: 469.75386pt x 325.2142pt.
[26 <./AlejandroAlarcon_Final.Rmd_files/figure-latex/unnamed-chunk-33-1.pdf>]
<AlejandroAlarcon_Final.Rmd_files/figure-latex/unnamed-chunk-34-1.pdf, id=526, 
469.755pt x 325.215pt>
File: AlejandroAlarcon_Final.Rmd_files/figure-latex/unnamed-chunk-34-1.pdf Grap
hic file (type pdf)
<use AlejandroAlarcon_Final.Rmd_files/figure-latex/unnamed-chunk-34-1.pdf>
Package pdftex.def Info: AlejandroAlarcon_Final.Rmd_files/figure-latex/unnamed-
chunk-34-1.pdf  used on input line 1512.
(pdftex.def)             Requested size: 469.75386pt x 325.2142pt.
[27 <./AlejandroAlarcon_Final.Rmd_files/figure-latex/unnamed-chunk-34-1.pdf>] [
28]
<AlejandroAlarcon_Final.Rmd_files/figure-latex/unnamed-chunk-38-1.pdf, id=543, 
469.755pt x 325.215pt>
File: AlejandroAlarcon_Final.Rmd_files/figure-latex/unnamed-chunk-38-1.pdf Grap
hic file (type pdf)
<use AlejandroAlarcon_Final.Rmd_files/figure-latex/unnamed-chunk-38-1.pdf>
Package pdftex.def Info: AlejandroAlarcon_Final.Rmd_files/figure-latex/unnamed-
chunk-38-1.pdf  used on input line 1633.
(pdftex.def)             Requested size: 469.75386pt x 325.2142pt.
[29 <./AlejandroAlarcon_Final.Rmd_files/figure-latex/unnamed-chunk-38-1.pdf>]
<AlejandroAlarcon_Final.Rmd_files/figure-latex/unnamed-chunk-40-1.pdf, id=554, 
469.755pt x 325.215pt>
File: AlejandroAlarcon_Final.Rmd_files/figure-latex/unnamed-chunk-40-1.pdf Grap
hic file (type pdf)
<use AlejandroAlarcon_Final.Rmd_files/figure-latex/unnamed-chunk-40-1.pdf>
Package pdftex.def Info: AlejandroAlarcon_Final.Rmd_files/figure-latex/unnamed-
chunk-40-1.pdf  used on input line 1698.
(pdftex.def)             Requested size: 469.75386pt x 325.2142pt.
[30]
<AlejandroAlarcon_Final.Rmd_files/figure-latex/unnamed-chunk-41-1.pdf, id=560, 
469.755pt x 325.215pt>
File: AlejandroAlarcon_Final.Rmd_files/figure-latex/unnamed-chunk-41-1.pdf Grap
hic file (type pdf)
<use AlejandroAlarcon_Final.Rmd_files/figure-latex/unnamed-chunk-41-1.pdf>
Package pdftex.def Info: AlejandroAlarcon_Final.Rmd_files/figure-latex/unnamed-
chunk-41-1.pdf  used on input line 1741.
(pdftex.def)             Requested size: 469.75386pt x 325.2142pt.
[31 <./AlejandroAlarcon_Final.Rmd_files/figure-latex/unnamed-chunk-40-1.pdf>] [
32 <./AlejandroAlarcon_Final.Rmd_files/figure-latex/unnamed-chunk-41-1.pdf>] [3
3] [34] [35] [36] [37]
<AlejandroAlarcon_Final.Rmd_files/figure-latex/unnamed-chunk-56-1.pdf, id=606, 
469.755pt x 325.215pt>
File: AlejandroAlarcon_Final.Rmd_files/figure-latex/unnamed-chunk-56-1.pdf Grap
hic file (type pdf)
<use AlejandroAlarcon_Final.Rmd_files/figure-latex/unnamed-chunk-56-1.pdf>
Package pdftex.def Info: AlejandroAlarcon_Final.Rmd_files/figure-latex/unnamed-
chunk-56-1.pdf  used on input line 2195.
(pdftex.def)             Requested size: 469.75386pt x 325.2142pt.
<AlejandroAlarcon_Final.Rmd_files/figure-latex/unnamed-chunk-56-2.pdf, id=607, 
469.755pt x 325.215pt>
File: AlejandroAlarcon_Final.Rmd_files/figure-latex/unnamed-chunk-56-2.pdf Grap
hic file (type pdf)
<use AlejandroAlarcon_Final.Rmd_files/figure-latex/unnamed-chunk-56-2.pdf>
Package pdftex.def Info: AlejandroAlarcon_Final.Rmd_files/figure-latex/unnamed-
chunk-56-2.pdf  used on input line 2196.
(pdftex.def)             Requested size: 469.75386pt x 325.2142pt.

Underfull \hbox (badness 10000) in paragraph at lines 2195--2197
[][]
 []

[38 <./AlejandroAlarcon_Final.Rmd_files/figure-latex/unnamed-chunk-56-1.pdf>]
<AlejandroAlarcon_Final.Rmd_files/figure-latex/unnamed-chunk-57-1.pdf, id=620, 
469.755pt x 325.215pt>
File: AlejandroAlarcon_Final.Rmd_files/figure-latex/unnamed-chunk-57-1.pdf Grap
hic file (type pdf)
<use AlejandroAlarcon_Final.Rmd_files/figure-latex/unnamed-chunk-57-1.pdf>
Package pdftex.def Info: AlejandroAlarcon_Final.Rmd_files/figure-latex/unnamed-
chunk-57-1.pdf  used on input line 2225.
(pdftex.def)             Requested size: 469.75386pt x 325.2142pt.
[39 <./AlejandroAlarcon_Final.Rmd_files/figure-latex/unnamed-chunk-56-2.pdf>]
<AlejandroAlarcon_Final.Rmd_files/figure-latex/unnamed-chunk-60-1.pdf, id=631, 
469.755pt x 325.215pt>
File: AlejandroAlarcon_Final.Rmd_files/figure-latex/unnamed-chunk-60-1.pdf Grap
hic file (type pdf)
<use AlejandroAlarcon_Final.Rmd_files/figure-latex/unnamed-chunk-60-1.pdf>
Package pdftex.def Info: AlejandroAlarcon_Final.Rmd_files/figure-latex/unnamed-
chunk-60-1.pdf  used on input line 2278.
(pdftex.def)             Requested size: 469.75386pt x 325.2142pt.
[40 <./AlejandroAlarcon_Final.Rmd_files/figure-latex/unnamed-chunk-57-1.pdf>] [
41 <./AlejandroAlarcon_Final.Rmd_files/figure-latex/unnamed-chunk-60-1.pdf>] [4
2]
<AlejandroAlarcon_Final.Rmd_files/figure-latex/unnamed-chunk-67-1.pdf, id=658, 
469.755pt x 325.215pt>
File: AlejandroAlarcon_Final.Rmd_files/figure-latex/unnamed-chunk-67-1.pdf Grap
hic file (type pdf)
<use AlejandroAlarcon_Final.Rmd_files/figure-latex/unnamed-chunk-67-1.pdf>
Package pdftex.def Info: AlejandroAlarcon_Final.Rmd_files/figure-latex/unnamed-
chunk-67-1.pdf  used on input line 2479.
(pdftex.def)             Requested size: 469.75386pt x 325.2142pt.
[43]
<AlejandroAlarcon_Final.Rmd_files/figure-latex/unnamed-chunk-68-1.pdf, id=666, 
469.755pt x 325.215pt>
File: AlejandroAlarcon_Final.Rmd_files/figure-latex/unnamed-chunk-68-1.pdf Grap
hic file (type pdf)
<use AlejandroAlarcon_Final.Rmd_files/figure-latex/unnamed-chunk-68-1.pdf>
Package pdftex.def Info: AlejandroAlarcon_Final.Rmd_files/figure-latex/unnamed-
chunk-68-1.pdf  used on input line 2501.
(pdftex.def)             Requested size: 469.75386pt x 325.2142pt.
[44 <./AlejandroAlarcon_Final.Rmd_files/figure-latex/unnamed-chunk-67-1.pdf>]
<AlejandroAlarcon_Final.Rmd_files/figure-latex/unnamed-chunk-69-1.pdf, id=677, 
469.755pt x 325.215pt>
File: AlejandroAlarcon_Final.Rmd_files/figure-latex/unnamed-chunk-69-1.pdf Grap
hic file (type pdf)
<use AlejandroAlarcon_Final.Rmd_files/figure-latex/unnamed-chunk-69-1.pdf>
Package pdftex.def Info: AlejandroAlarcon_Final.Rmd_files/figure-latex/unnamed-
chunk-69-1.pdf  used on input line 2516.
(pdftex.def)             Requested size: 469.75386pt x 325.2142pt.
<AlejandroAlarcon_Final.Rmd_files/figure-latex/unnamed-chunk-69-2.pdf, id=678, 
469.755pt x 325.215pt>
File: AlejandroAlarcon_Final.Rmd_files/figure-latex/unnamed-chunk-69-2.pdf Grap
hic file (type pdf)
<use AlejandroAlarcon_Final.Rmd_files/figure-latex/unnamed-chunk-69-2.pdf>
Package pdftex.def Info: AlejandroAlarcon_Final.Rmd_files/figure-latex/unnamed-
chunk-69-2.pdf  used on input line 2517.
(pdftex.def)             Requested size: 469.75386pt x 325.2142pt.

Underfull \hbox (badness 10000) in paragraph at lines 2516--2518
[][]
 []

[45 <./AlejandroAlarcon_Final.Rmd_files/figure-latex/unnamed-chunk-68-1.pdf> <.
/AlejandroAlarcon_Final.Rmd_files/figure-latex/unnamed-chunk-69-1.pdf>]
<AlejandroAlarcon_Final.Rmd_files/figure-latex/unnamed-chunk-69-3.pdf, id=696, 
469.755pt x 325.215pt>
File: AlejandroAlarcon_Final.Rmd_files/figure-latex/unnamed-chunk-69-3.pdf Grap
hic file (type pdf)
<use AlejandroAlarcon_Final.Rmd_files/figure-latex/unnamed-chunk-69-3.pdf>
Package pdftex.def Info: AlejandroAlarcon_Final.Rmd_files/figure-latex/unnamed-
chunk-69-3.pdf  used on input line 2525.
(pdftex.def)             Requested size: 469.75386pt x 325.2142pt.
[46 <./AlejandroAlarcon_Final.Rmd_files/figure-latex/unnamed-chunk-69-2.pdf> <.
/AlejandroAlarcon_Final.Rmd_files/figure-latex/unnamed-chunk-69-3.pdf>] [47]
<AlejandroAlarcon_Final.Rmd_files/figure-latex/unnamed-chunk-73-1.pdf, id=720, 
469.755pt x 325.215pt>
File: AlejandroAlarcon_Final.Rmd_files/figure-latex/unnamed-chunk-73-1.pdf Grap
hic file (type pdf)
<use AlejandroAlarcon_Final.Rmd_files/figure-latex/unnamed-chunk-73-1.pdf>
Package pdftex.def Info: AlejandroAlarcon_Final.Rmd_files/figure-latex/unnamed-
chunk-73-1.pdf  used on input line 2631.
(pdftex.def)             Requested size: 469.75386pt x 325.2142pt.
<AlejandroAlarcon_Final.Rmd_files/figure-latex/unnamed-chunk-73-2.pdf, id=721, 
469.755pt x 325.215pt>
File: AlejandroAlarcon_Final.Rmd_files/figure-latex/unnamed-chunk-73-2.pdf Grap
hic file (type pdf)
<use AlejandroAlarcon_Final.Rmd_files/figure-latex/unnamed-chunk-73-2.pdf>
Package pdftex.def Info: AlejandroAlarcon_Final.Rmd_files/figure-latex/unnamed-
chunk-73-2.pdf  used on input line 2632.
(pdftex.def)             Requested size: 469.75386pt x 325.2142pt.

Underfull \hbox (badness 10000) in paragraph at lines 2631--2633
[][]
 []

[48 <./AlejandroAlarcon_Final.Rmd_files/figure-latex/unnamed-chunk-73-1.pdf>]
<AlejandroAlarcon_Final.Rmd_files/figure-latex/unnamed-chunk-74-1.pdf, id=734, 
469.755pt x 325.215pt>
File: AlejandroAlarcon_Final.Rmd_files/figure-latex/unnamed-chunk-74-1.pdf Grap
hic file (type pdf)
<use AlejandroAlarcon_Final.Rmd_files/figure-latex/unnamed-chunk-74-1.pdf>
Package pdftex.def Info: AlejandroAlarcon_Final.Rmd_files/figure-latex/unnamed-
chunk-74-1.pdf  used on input line 2647.
(pdftex.def)             Requested size: 469.75386pt x 325.2142pt.
<AlejandroAlarcon_Final.Rmd_files/figure-latex/unnamed-chunk-74-2.pdf, id=735, 
469.755pt x 325.215pt>
File: AlejandroAlarcon_Final.Rmd_files/figure-latex/unnamed-chunk-74-2.pdf Grap
hic file (type pdf)
<use AlejandroAlarcon_Final.Rmd_files/figure-latex/unnamed-chunk-74-2.pdf>
Package pdftex.def Info: AlejandroAlarcon_Final.Rmd_files/figure-latex/unnamed-
chunk-74-2.pdf  used on input line 2648.
(pdftex.def)             Requested size: 469.75386pt x 325.2142pt.
<AlejandroAlarcon_Final.Rmd_files/figure-latex/unnamed-chunk-74-3.pdf, id=736, 
469.755pt x 325.215pt>
File: AlejandroAlarcon_Final.Rmd_files/figure-latex/unnamed-chunk-74-3.pdf Grap
hic file (type pdf)
<use AlejandroAlarcon_Final.Rmd_files/figure-latex/unnamed-chunk-74-3.pdf>
Package pdftex.def Info: AlejandroAlarcon_Final.Rmd_files/figure-latex/unnamed-
chunk-74-3.pdf  used on input line 2649.
(pdftex.def)             Requested size: 469.75386pt x 325.2142pt.

Underfull \hbox (badness 10000) in paragraph at lines 2647--2650
[][]
 []


Underfull \hbox (badness 10000) in paragraph at lines 2647--2650
[]
 []

[49 <./AlejandroAlarcon_Final.Rmd_files/figure-latex/unnamed-chunk-73-2.pdf> <.
/AlejandroAlarcon_Final.Rmd_files/figure-latex/unnamed-chunk-74-1.pdf>] [50 <./
AlejandroAlarcon_Final.Rmd_files/figure-latex/unnamed-chunk-74-2.pdf> <./Alejan
droAlarcon_Final.Rmd_files/figure-latex/unnamed-chunk-74-3.pdf>] [51] [52] [53]
[54] [55]
<AlejandroAlarcon_Final.Rmd_files/figure-latex/unnamed-chunk-86-1.pdf, id=795, 
469.755pt x 325.215pt>
File: AlejandroAlarcon_Final.Rmd_files/figure-latex/unnamed-chunk-86-1.pdf Grap
hic file (type pdf)
<use AlejandroAlarcon_Final.Rmd_files/figure-latex/unnamed-chunk-86-1.pdf>
Package pdftex.def Info: AlejandroAlarcon_Final.Rmd_files/figure-latex/unnamed-
chunk-86-1.pdf  used on input line 3042.
(pdftex.def)             Requested size: 469.75386pt x 325.2142pt.
<AlejandroAlarcon_Final.Rmd_files/figure-latex/unnamed-chunk-86-2.pdf, id=796, 
469.755pt x 325.215pt>
File: AlejandroAlarcon_Final.Rmd_files/figure-latex/unnamed-chunk-86-2.pdf Grap
hic file (type pdf)
<use AlejandroAlarcon_Final.Rmd_files/figure-latex/unnamed-chunk-86-2.pdf>
Package pdftex.def Info: AlejandroAlarcon_Final.Rmd_files/figure-latex/unnamed-
chunk-86-2.pdf  used on input line 3043.
(pdftex.def)             Requested size: 469.75386pt x 325.2142pt.

Underfull \hbox (badness 10000) in paragraph at lines 3042--3044
[][]
 []

[56 <./AlejandroAlarcon_Final.Rmd_files/figure-latex/unnamed-chunk-86-1.pdf> <.
/AlejandroAlarcon_Final.Rmd_files/figure-latex/unnamed-chunk-86-2.pdf>]
<AlejandroAlarcon_Final.Rmd_files/figure-latex/unnamed-chunk-90-1.pdf, id=815, 
469.755pt x 325.215pt>
File: AlejandroAlarcon_Final.Rmd_files/figure-latex/unnamed-chunk-90-1.pdf Grap
hic file (type pdf)
<use AlejandroAlarcon_Final.Rmd_files/figure-latex/unnamed-chunk-90-1.pdf>
Package pdftex.def Info: AlejandroAlarcon_Final.Rmd_files/figure-latex/unnamed-
chunk-90-1.pdf  used on input line 3123.
(pdftex.def)             Requested size: 469.75386pt x 325.2142pt.

Underfull \hbox (badness 1320) in paragraph at lines 3123--3126
[][] \T1/lmr/m/n/10 En
 []

[57]
<AlejandroAlarcon_Final.Rmd_files/figure-latex/unnamed-chunk-91-1.pdf, id=820, 
469.755pt x 325.215pt>
File: AlejandroAlarcon_Final.Rmd_files/figure-latex/unnamed-chunk-91-1.pdf Grap
hic file (type pdf)
<use AlejandroAlarcon_Final.Rmd_files/figure-latex/unnamed-chunk-91-1.pdf>
Package pdftex.def Info: AlejandroAlarcon_Final.Rmd_files/figure-latex/unnamed-
chunk-91-1.pdf  used on input line 3136.
(pdftex.def)             Requested size: 469.75386pt x 325.2142pt.

Underfull \hbox (badness 10000) in paragraph at lines 3136--3142
[][]
 []

[58 <./AlejandroAlarcon_Final.Rmd_files/figure-latex/unnamed-chunk-90-1.pdf> <.
/AlejandroAlarcon_Final.Rmd_files/figure-latex/unnamed-chunk-91-1.pdf>] [59] [6
0]
<AlejandroAlarcon_Final.Rmd_files/figure-latex/unnamed-chunk-93-1.pdf, id=848, 
469.755pt x 325.215pt>
File: AlejandroAlarcon_Final.Rmd_files/figure-latex/unnamed-chunk-93-1.pdf Grap
hic file (type pdf)
<use AlejandroAlarcon_Final.Rmd_files/figure-latex/unnamed-chunk-93-1.pdf>
Package pdftex.def Info: AlejandroAlarcon_Final.Rmd_files/figure-latex/unnamed-
chunk-93-1.pdf  used on input line 3242.
(pdftex.def)             Requested size: 469.75386pt x 325.2142pt.
<AlejandroAlarcon_Final.Rmd_files/figure-latex/unnamed-chunk-94-1.pdf, id=849, 
469.755pt x 325.215pt>
File: AlejandroAlarcon_Final.Rmd_files/figure-latex/unnamed-chunk-94-1.pdf Grap
hic file (type pdf)
<use AlejandroAlarcon_Final.Rmd_files/figure-latex/unnamed-chunk-94-1.pdf>
Package pdftex.def Info: AlejandroAlarcon_Final.Rmd_files/figure-latex/unnamed-
chunk-94-1.pdf  used on input line 3266.
(pdftex.def)             Requested size: 469.75386pt x 325.2142pt.
[61 <./AlejandroAlarcon_Final.Rmd_files/figure-latex/unnamed-chunk-93-1.pdf>]
<AlejandroAlarcon_Final.Rmd_files/figure-latex/unnamed-chunk-95-1.pdf, id=862, 
469.755pt x 325.215pt>
File: AlejandroAlarcon_Final.Rmd_files/figure-latex/unnamed-chunk-95-1.pdf Grap
hic file (type pdf)
<use AlejandroAlarcon_Final.Rmd_files/figure-latex/unnamed-chunk-95-1.pdf>
Package pdftex.def Info: AlejandroAlarcon_Final.Rmd_files/figure-latex/unnamed-
chunk-95-1.pdf  used on input line 3279.
(pdftex.def)             Requested size: 469.75386pt x 325.2142pt.
[62 <./AlejandroAlarcon_Final.Rmd_files/figure-latex/unnamed-chunk-94-1.pdf> <.
/AlejandroAlarcon_Final.Rmd_files/figure-latex/unnamed-chunk-95-1.pdf>]
<AlejandroAlarcon_Final.Rmd_files/figure-latex/unnamed-chunk-96-1.pdf, id=878, 
469.755pt x 325.215pt>
File: AlejandroAlarcon_Final.Rmd_files/figure-latex/unnamed-chunk-96-1.pdf Grap
hic file (type pdf)
<use AlejandroAlarcon_Final.Rmd_files/figure-latex/unnamed-chunk-96-1.pdf>
Package pdftex.def Info: AlejandroAlarcon_Final.Rmd_files/figure-latex/unnamed-
chunk-96-1.pdf  used on input line 3290.
(pdftex.def)             Requested size: 469.75386pt x 325.2142pt.
<AlejandroAlarcon_Final.Rmd_files/figure-latex/unnamed-chunk-97-1.pdf, id=879, 
469.755pt x 325.215pt>
File: AlejandroAlarcon_Final.Rmd_files/figure-latex/unnamed-chunk-97-1.pdf Grap
hic file (type pdf)
<use AlejandroAlarcon_Final.Rmd_files/figure-latex/unnamed-chunk-97-1.pdf>
Package pdftex.def Info: AlejandroAlarcon_Final.Rmd_files/figure-latex/unnamed-
chunk-97-1.pdf  used on input line 3302.
(pdftex.def)             Requested size: 469.75386pt x 325.2142pt.
[63 <./AlejandroAlarcon_Final.Rmd_files/figure-latex/unnamed-chunk-96-1.pdf> <.
/AlejandroAlarcon_Final.Rmd_files/figure-latex/unnamed-chunk-97-1.pdf>]
<AlejandroAlarcon_Final.Rmd_files/figure-latex/unnamed-chunk-98-1.pdf, id=895, 
469.755pt x 325.215pt>
File: AlejandroAlarcon_Final.Rmd_files/figure-latex/unnamed-chunk-98-1.pdf Grap
hic file (type pdf)
<use AlejandroAlarcon_Final.Rmd_files/figure-latex/unnamed-chunk-98-1.pdf>
Package pdftex.def Info: AlejandroAlarcon_Final.Rmd_files/figure-latex/unnamed-
chunk-98-1.pdf  used on input line 3316.
(pdftex.def)             Requested size: 469.75386pt x 325.2142pt.
<AlejandroAlarcon_Final.Rmd_files/figure-latex/unnamed-chunk-99-1.pdf, id=896, 
469.755pt x 325.215pt>
File: AlejandroAlarcon_Final.Rmd_files/figure-latex/unnamed-chunk-99-1.pdf Grap
hic file (type pdf)
<use AlejandroAlarcon_Final.Rmd_files/figure-latex/unnamed-chunk-99-1.pdf>
Package pdftex.def Info: AlejandroAlarcon_Final.Rmd_files/figure-latex/unnamed-
chunk-99-1.pdf  used on input line 3329.
(pdftex.def)             Requested size: 469.75386pt x 325.2142pt.
[64 <./AlejandroAlarcon_Final.Rmd_files/figure-latex/unnamed-chunk-98-1.pdf>]
<AlejandroAlarcon_Final.Rmd_files/figure-latex/unnamed-chunk-100-1.pdf, id=907,
 469.755pt x 325.215pt>
File: AlejandroAlarcon_Final.Rmd_files/figure-latex/unnamed-chunk-100-1.pdf Gra
phic file (type pdf)
<use AlejandroAlarcon_Final.Rmd_files/figure-latex/unnamed-chunk-100-1.pdf>
Package pdftex.def Info: AlejandroAlarcon_Final.Rmd_files/figure-latex/unnamed-
chunk-100-1.pdf  used on input line 3340.
(pdftex.def)             Requested size: 469.75386pt x 325.2142pt.
[65 <./AlejandroAlarcon_Final.Rmd_files/figure-latex/unnamed-chunk-99-1.pdf> <.
/AlejandroAlarcon_Final.Rmd_files/figure-latex/unnamed-chunk-100-1.pdf>]
<AlejandroAlarcon_Final.Rmd_files/figure-latex/unnamed-chunk-101-1.pdf, id=923,
 469.755pt x 325.215pt>
File: AlejandroAlarcon_Final.Rmd_files/figure-latex/unnamed-chunk-101-1.pdf Gra
phic file (type pdf)
<use AlejandroAlarcon_Final.Rmd_files/figure-latex/unnamed-chunk-101-1.pdf>
Package pdftex.def Info: AlejandroAlarcon_Final.Rmd_files/figure-latex/unnamed-
chunk-101-1.pdf  used on input line 3379.
(pdftex.def)             Requested size: 469.75386pt x 325.2142pt.
<AlejandroAlarcon_Final.Rmd_files/figure-latex/unnamed-chunk-101-2.pdf, id=924,
 469.755pt x 325.215pt>
File: AlejandroAlarcon_Final.Rmd_files/figure-latex/unnamed-chunk-101-2.pdf Gra
phic file (type pdf)
<use AlejandroAlarcon_Final.Rmd_files/figure-latex/unnamed-chunk-101-2.pdf>
Package pdftex.def Info: AlejandroAlarcon_Final.Rmd_files/figure-latex/unnamed-
chunk-101-2.pdf  used on input line 3380.
(pdftex.def)             Requested size: 469.75386pt x 325.2142pt.
<AlejandroAlarcon_Final.Rmd_files/figure-latex/unnamed-chunk-101-3.pdf, id=925,
 469.755pt x 325.215pt>
File: AlejandroAlarcon_Final.Rmd_files/figure-latex/unnamed-chunk-101-3.pdf Gra
phic file (type pdf)
<use AlejandroAlarcon_Final.Rmd_files/figure-latex/unnamed-chunk-101-3.pdf>
Package pdftex.def Info: AlejandroAlarcon_Final.Rmd_files/figure-latex/unnamed-
chunk-101-3.pdf  used on input line 3381.
(pdftex.def)             Requested size: 469.75386pt x 325.2142pt.
<AlejandroAlarcon_Final.Rmd_files/figure-latex/unnamed-chunk-101-4.pdf, id=926,
 469.755pt x 325.215pt>
File: AlejandroAlarcon_Final.Rmd_files/figure-latex/unnamed-chunk-101-4.pdf Gra
phic file (type pdf)
<use AlejandroAlarcon_Final.Rmd_files/figure-latex/unnamed-chunk-101-4.pdf>
Package pdftex.def Info: AlejandroAlarcon_Final.Rmd_files/figure-latex/unnamed-
chunk-101-4.pdf  used on input line 3382.
(pdftex.def)             Requested size: 469.75386pt x 325.2142pt.

Underfull \hbox (badness 10000) in paragraph at lines 3379--3383
[][]
 []


Underfull \hbox (badness 10000) in paragraph at lines 3379--3383
[]
 []


Underfull \hbox (badness 10000) in paragraph at lines 3379--3383
[]
 []

[66 <./AlejandroAlarcon_Final.Rmd_files/figure-latex/unnamed-chunk-101-1.pdf>] 
[67 <./AlejandroAlarcon_Final.Rmd_files/figure-latex/unnamed-chunk-101-2.pdf> <
./AlejandroAlarcon_Final.Rmd_files/figure-latex/unnamed-chunk-101-3.pdf>]
<AlejandroAlarcon_Final.Rmd_files/figure-latex/unnamed-chunk-104-1.pdf, id=956,
 469.755pt x 325.215pt>
File: AlejandroAlarcon_Final.Rmd_files/figure-latex/unnamed-chunk-104-1.pdf Gra
phic file (type pdf)
<use AlejandroAlarcon_Final.Rmd_files/figure-latex/unnamed-chunk-104-1.pdf>
Package pdftex.def Info: AlejandroAlarcon_Final.Rmd_files/figure-latex/unnamed-
chunk-104-1.pdf  used on input line 3432.
(pdftex.def)             Requested size: 469.75386pt x 325.2142pt.
[68 <./AlejandroAlarcon_Final.Rmd_files/figure-latex/unnamed-chunk-101-4.pdf>] 
[69 <./AlejandroAlarcon_Final.Rmd_files/figure-latex/unnamed-chunk-104-1.pdf>]
<AlejandroAlarcon_Final.Rmd_files/figure-latex/unnamed-chunk-106-1.pdf, id=979,
 469.755pt x 325.215pt>
File: AlejandroAlarcon_Final.Rmd_files/figure-latex/unnamed-chunk-106-1.pdf Gra
phic file (type pdf)
<use AlejandroAlarcon_Final.Rmd_files/figure-latex/unnamed-chunk-106-1.pdf>
Package pdftex.def Info: AlejandroAlarcon_Final.Rmd_files/figure-latex/unnamed-
chunk-106-1.pdf  used on input line 3516.
(pdftex.def)             Requested size: 469.75386pt x 325.2142pt.
[70 <./AlejandroAlarcon_Final.Rmd_files/figure-latex/unnamed-chunk-106-1.pdf>]
<AlejandroAlarcon_Final.Rmd_files/figure-latex/unnamed-chunk-108-1.pdf, id=989,
 469.755pt x 325.215pt>
File: AlejandroAlarcon_Final.Rmd_files/figure-latex/unnamed-chunk-108-1.pdf Gra
phic file (type pdf)
<use AlejandroAlarcon_Final.Rmd_files/figure-latex/unnamed-chunk-108-1.pdf>
Package pdftex.def Info: AlejandroAlarcon_Final.Rmd_files/figure-latex/unnamed-
chunk-108-1.pdf  used on input line 3562.
(pdftex.def)             Requested size: 469.75386pt x 325.2142pt.
[71 <./AlejandroAlarcon_Final.Rmd_files/figure-latex/unnamed-chunk-108-1.pdf>] 
[72]
<AlejandroAlarcon_Final.Rmd_files/figure-latex/unnamed-chunk-110-1.pdf, id=1005
, 469.755pt x 325.215pt>
File: AlejandroAlarcon_Final.Rmd_files/figure-latex/unnamed-chunk-110-1.pdf Gra
phic file (type pdf)
<use AlejandroAlarcon_Final.Rmd_files/figure-latex/unnamed-chunk-110-1.pdf>
Package pdftex.def Info: AlejandroAlarcon_Final.Rmd_files/figure-latex/unnamed-
chunk-110-1.pdf  used on input line 3612.
(pdftex.def)             Requested size: 469.75386pt x 325.2142pt.
<AlejandroAlarcon_Final.Rmd_files/figure-latex/unnamed-chunk-110-2.pdf, id=1006
, 469.755pt x 325.215pt>
File: AlejandroAlarcon_Final.Rmd_files/figure-latex/unnamed-chunk-110-2.pdf Gra
phic file (type pdf)
<use AlejandroAlarcon_Final.Rmd_files/figure-latex/unnamed-chunk-110-2.pdf>
Package pdftex.def Info: AlejandroAlarcon_Final.Rmd_files/figure-latex/unnamed-
chunk-110-2.pdf  used on input line 3613.
(pdftex.def)             Requested size: 469.75386pt x 325.2142pt.
<AlejandroAlarcon_Final.Rmd_files/figure-latex/unnamed-chunk-110-3.pdf, id=1007
, 469.755pt x 325.215pt>
File: AlejandroAlarcon_Final.Rmd_files/figure-latex/unnamed-chunk-110-3.pdf Gra
phic file (type pdf)
<use AlejandroAlarcon_Final.Rmd_files/figure-latex/unnamed-chunk-110-3.pdf>
Package pdftex.def Info: AlejandroAlarcon_Final.Rmd_files/figure-latex/unnamed-
chunk-110-3.pdf  used on input line 3614.
(pdftex.def)             Requested size: 469.75386pt x 325.2142pt.
<AlejandroAlarcon_Final.Rmd_files/figure-latex/unnamed-chunk-110-4.pdf, id=1008
, 469.755pt x 325.215pt>
File: AlejandroAlarcon_Final.Rmd_files/figure-latex/unnamed-chunk-110-4.pdf Gra
phic file (type pdf)
<use AlejandroAlarcon_Final.Rmd_files/figure-latex/unnamed-chunk-110-4.pdf>
Package pdftex.def Info: AlejandroAlarcon_Final.Rmd_files/figure-latex/unnamed-
chunk-110-4.pdf  used on input line 3615.
(pdftex.def)             Requested size: 469.75386pt x 325.2142pt.

Underfull \hbox (badness 10000) in paragraph at lines 3612--3616
[][]
 []


Underfull \hbox (badness 10000) in paragraph at lines 3612--3616
[]
 []


Underfull \hbox (badness 10000) in paragraph at lines 3612--3616
[]
 []

[73 <./AlejandroAlarcon_Final.Rmd_files/figure-latex/unnamed-chunk-110-1.pdf> <
./AlejandroAlarcon_Final.Rmd_files/figure-latex/unnamed-chunk-110-2.pdf>]
<AlejandroAlarcon_Final.Rmd_files/figure-latex/unnamed-chunk-110-5.pdf, id=1027
, 469.755pt x 325.215pt>
File: AlejandroAlarcon_Final.Rmd_files/figure-latex/unnamed-chunk-110-5.pdf Gra
phic file (type pdf)
<use AlejandroAlarcon_Final.Rmd_files/figure-latex/unnamed-chunk-110-5.pdf>
Package pdftex.def Info: AlejandroAlarcon_Final.Rmd_files/figure-latex/unnamed-
chunk-110-5.pdf  used on input line 3623.
(pdftex.def)             Requested size: 469.75386pt x 325.2142pt.
<AlejandroAlarcon_Final.Rmd_files/figure-latex/unnamed-chunk-110-6.pdf, id=1028
, 469.755pt x 325.215pt>
File: AlejandroAlarcon_Final.Rmd_files/figure-latex/unnamed-chunk-110-6.pdf Gra
phic file (type pdf)
<use AlejandroAlarcon_Final.Rmd_files/figure-latex/unnamed-chunk-110-6.pdf>
Package pdftex.def Info: AlejandroAlarcon_Final.Rmd_files/figure-latex/unnamed-
chunk-110-6.pdf  used on input line 3624.
(pdftex.def)             Requested size: 469.75386pt x 325.2142pt.
<AlejandroAlarcon_Final.Rmd_files/figure-latex/unnamed-chunk-110-7.pdf, id=1029
, 469.755pt x 325.215pt>
File: AlejandroAlarcon_Final.Rmd_files/figure-latex/unnamed-chunk-110-7.pdf Gra
phic file (type pdf)
<use AlejandroAlarcon_Final.Rmd_files/figure-latex/unnamed-chunk-110-7.pdf>
Package pdftex.def Info: AlejandroAlarcon_Final.Rmd_files/figure-latex/unnamed-
chunk-110-7.pdf  used on input line 3625.
(pdftex.def)             Requested size: 469.75386pt x 325.2142pt.

Underfull \hbox (badness 10000) in paragraph at lines 3623--3629
[][]
 []


Underfull \hbox (badness 10000) in paragraph at lines 3623--3629
[]
 []


Underfull \hbox (badness 10000) in paragraph at lines 3623--3629
[]
 []

[74 <./AlejandroAlarcon_Final.Rmd_files/figure-latex/unnamed-chunk-110-3.pdf> <
./AlejandroAlarcon_Final.Rmd_files/figure-latex/unnamed-chunk-110-4.pdf>] [75 <
./AlejandroAlarcon_Final.Rmd_files/figure-latex/unnamed-chunk-110-5.pdf> <./Ale
jandroAlarcon_Final.Rmd_files/figure-latex/unnamed-chunk-110-6.pdf>]
<AlejandroAlarcon_Final.Rmd_files/figure-latex/unnamed-chunk-112-1.pdf, id=1063
, 469.755pt x 325.215pt>
File: AlejandroAlarcon_Final.Rmd_files/figure-latex/unnamed-chunk-112-1.pdf Gra
phic file (type pdf)
<use AlejandroAlarcon_Final.Rmd_files/figure-latex/unnamed-chunk-112-1.pdf>
Package pdftex.def Info: AlejandroAlarcon_Final.Rmd_files/figure-latex/unnamed-
chunk-112-1.pdf  used on input line 3655.
(pdftex.def)             Requested size: 469.75386pt x 325.2142pt.
[76 <./AlejandroAlarcon_Final.Rmd_files/figure-latex/unnamed-chunk-110-7.pdf>]
<AlejandroAlarcon_Final.Rmd_files/figure-latex/unnamed-chunk-113-1.pdf, id=1074
, 469.755pt x 325.215pt>
File: AlejandroAlarcon_Final.Rmd_files/figure-latex/unnamed-chunk-113-1.pdf Gra
phic file (type pdf)
<use AlejandroAlarcon_Final.Rmd_files/figure-latex/unnamed-chunk-113-1.pdf>
Package pdftex.def Info: AlejandroAlarcon_Final.Rmd_files/figure-latex/unnamed-
chunk-113-1.pdf  used on input line 3667.
(pdftex.def)             Requested size: 469.75386pt x 325.2142pt.
<AlejandroAlarcon_Final.Rmd_files/figure-latex/unnamed-chunk-113-2.pdf, id=1075
, 469.755pt x 325.215pt>
File: AlejandroAlarcon_Final.Rmd_files/figure-latex/unnamed-chunk-113-2.pdf Gra
phic file (type pdf)
<use AlejandroAlarcon_Final.Rmd_files/figure-latex/unnamed-chunk-113-2.pdf>
Package pdftex.def Info: AlejandroAlarcon_Final.Rmd_files/figure-latex/unnamed-
chunk-113-2.pdf  used on input line 3668.
(pdftex.def)             Requested size: 469.75386pt x 325.2142pt.
<AlejandroAlarcon_Final.Rmd_files/figure-latex/unnamed-chunk-113-3.pdf, id=1076
, 469.755pt x 325.215pt>
File: AlejandroAlarcon_Final.Rmd_files/figure-latex/unnamed-chunk-113-3.pdf Gra
phic file (type pdf)
<use AlejandroAlarcon_Final.Rmd_files/figure-latex/unnamed-chunk-113-3.pdf>
Package pdftex.def Info: AlejandroAlarcon_Final.Rmd_files/figure-latex/unnamed-
chunk-113-3.pdf  used on input line 3669.
(pdftex.def)             Requested size: 469.75386pt x 325.2142pt.

Underfull \hbox (badness 10000) in paragraph at lines 3667--3670
[][]
 []


Underfull \hbox (badness 10000) in paragraph at lines 3667--3670
[]
 []

[77 <./AlejandroAlarcon_Final.Rmd_files/figure-latex/unnamed-chunk-112-1.pdf> <
./AlejandroAlarcon_Final.Rmd_files/figure-latex/unnamed-chunk-113-1.pdf>] [78 <
./AlejandroAlarcon_Final.Rmd_files/figure-latex/unnamed-chunk-113-2.pdf> <./Ale
jandroAlarcon_Final.Rmd_files/figure-latex/unnamed-chunk-113-3.pdf>] [79] [80] 
[81] [82] [83] [84] [85] [86] [87]
<AlejandroAlarcon_Final.Rmd_files/figure-latex/unnamed-chunk-134-1.pdf, id=1154
, 469.755pt x 325.215pt>
File: AlejandroAlarcon_Final.Rmd_files/figure-latex/unnamed-chunk-134-1.pdf Gra
phic file (type pdf)
<use AlejandroAlarcon_Final.Rmd_files/figure-latex/unnamed-chunk-134-1.pdf>
Package pdftex.def Info: AlejandroAlarcon_Final.Rmd_files/figure-latex/unnamed-
chunk-134-1.pdf  used on input line 4436.
(pdftex.def)             Requested size: 469.75386pt x 325.2142pt.
[88 <./AlejandroAlarcon_Final.Rmd_files/figure-latex/unnamed-chunk-134-1.pdf>]
<AlejandroAlarcon_Final.Rmd_files/figure-latex/unnamed-chunk-135-1.pdf, id=1167
, 469.755pt x 325.215pt>
File: AlejandroAlarcon_Final.Rmd_files/figure-latex/unnamed-chunk-135-1.pdf Gra
phic file (type pdf)
<use AlejandroAlarcon_Final.Rmd_files/figure-latex/unnamed-chunk-135-1.pdf>
Package pdftex.def Info: AlejandroAlarcon_Final.Rmd_files/figure-latex/unnamed-
chunk-135-1.pdf  used on input line 4456.
(pdftex.def)             Requested size: 469.75386pt x 325.2142pt.

Underfull \hbox (badness 1320) in paragraph at lines 4456--4459
[][] \T1/lmr/m/n/10 En
 []

<AlejandroAlarcon_Final.Rmd_files/figure-latex/unnamed-chunk-137-1.pdf, id=1168
, 469.755pt x 325.215pt>
File: AlejandroAlarcon_Final.Rmd_files/figure-latex/unnamed-chunk-137-1.pdf Gra
phic file (type pdf)
<use AlejandroAlarcon_Final.Rmd_files/figure-latex/unnamed-chunk-137-1.pdf>
Package pdftex.def Info: AlejandroAlarcon_Final.Rmd_files/figure-latex/unnamed-
chunk-137-1.pdf  used on input line 4494.
(pdftex.def)             Requested size: 469.75386pt x 325.2142pt.
[89 <./AlejandroAlarcon_Final.Rmd_files/figure-latex/unnamed-chunk-135-1.pdf>] 
[90 <./AlejandroAlarcon_Final.Rmd_files/figure-latex/unnamed-chunk-137-1.pdf>]
<AlejandroAlarcon_Final.Rmd_files/figure-latex/unnamed-chunk-142-1.pdf, id=1194
, 469.755pt x 325.215pt>
File: AlejandroAlarcon_Final.Rmd_files/figure-latex/unnamed-chunk-142-1.pdf Gra
phic file (type pdf)
<use AlejandroAlarcon_Final.Rmd_files/figure-latex/unnamed-chunk-142-1.pdf>
Package pdftex.def Info: AlejandroAlarcon_Final.Rmd_files/figure-latex/unnamed-
chunk-142-1.pdf  used on input line 4607.
(pdftex.def)             Requested size: 469.75386pt x 325.2142pt.
[91]
<AlejandroAlarcon_Final.Rmd_files/figure-latex/unnamed-chunk-144-1.pdf, id=1200
, 469.755pt x 325.215pt>
File: AlejandroAlarcon_Final.Rmd_files/figure-latex/unnamed-chunk-144-1.pdf Gra
phic file (type pdf)
<use AlejandroAlarcon_Final.Rmd_files/figure-latex/unnamed-chunk-144-1.pdf>
Package pdftex.def Info: AlejandroAlarcon_Final.Rmd_files/figure-latex/unnamed-
chunk-144-1.pdf  used on input line 4636.
(pdftex.def)             Requested size: 469.75386pt x 325.2142pt.

Underfull \hbox (badness 1320) in paragraph at lines 4636--4640
[][] \T1/lmr/m/n/10 En
 []

[92 <./AlejandroAlarcon_Final.Rmd_files/figure-latex/unnamed-chunk-142-1.pdf>]
<AlejandroAlarcon_Final.Rmd_files/figure-latex/unnamed-chunk-145-1.pdf, id=1210
, 469.755pt x 325.215pt>
File: AlejandroAlarcon_Final.Rmd_files/figure-latex/unnamed-chunk-145-1.pdf Gra
phic file (type pdf)
<use AlejandroAlarcon_Final.Rmd_files/figure-latex/unnamed-chunk-145-1.pdf>
Package pdftex.def Info: AlejandroAlarcon_Final.Rmd_files/figure-latex/unnamed-
chunk-145-1.pdf  used on input line 4650.
(pdftex.def)             Requested size: 469.75386pt x 325.2142pt.

Underfull \hbox (badness 10000) in paragraph at lines 4650--4654
[][]
 []

[93 <./AlejandroAlarcon_Final.Rmd_files/figure-latex/unnamed-chunk-144-1.pdf> <
./AlejandroAlarcon_Final.Rmd_files/figure-latex/unnamed-chunk-145-1.pdf>]
<AlejandroAlarcon_Final.Rmd_files/figure-latex/unnamed-chunk-146-1.pdf, id=1227
, 469.755pt x 325.215pt>
File: AlejandroAlarcon_Final.Rmd_files/figure-latex/unnamed-chunk-146-1.pdf Gra
phic file (type pdf)
<use AlejandroAlarcon_Final.Rmd_files/figure-latex/unnamed-chunk-146-1.pdf>
Package pdftex.def Info: AlejandroAlarcon_Final.Rmd_files/figure-latex/unnamed-
chunk-146-1.pdf  used on input line 4661.
(pdftex.def)             Requested size: 469.75386pt x 325.2142pt.
[94 <./AlejandroAlarcon_Final.Rmd_files/figure-latex/unnamed-chunk-146-1.pdf>]
<AlejandroAlarcon_Final.Rmd_files/figure-latex/unnamed-chunk-149-1.pdf, id=1239
, 469.755pt x 325.215pt>
File: AlejandroAlarcon_Final.Rmd_files/figure-latex/unnamed-chunk-149-1.pdf Gra
phic file (type pdf)
<use AlejandroAlarcon_Final.Rmd_files/figure-latex/unnamed-chunk-149-1.pdf>
Package pdftex.def Info: AlejandroAlarcon_Final.Rmd_files/figure-latex/unnamed-
chunk-149-1.pdf  used on input line 4730.
(pdftex.def)             Requested size: 469.75386pt x 325.2142pt.
<AlejandroAlarcon_Final.Rmd_files/figure-latex/unnamed-chunk-150-1.pdf, id=1240
, 469.755pt x 325.215pt>
File: AlejandroAlarcon_Final.Rmd_files/figure-latex/unnamed-chunk-150-1.pdf Gra
phic file (type pdf)
<use AlejandroAlarcon_Final.Rmd_files/figure-latex/unnamed-chunk-150-1.pdf>
Package pdftex.def Info: AlejandroAlarcon_Final.Rmd_files/figure-latex/unnamed-
chunk-150-1.pdf  used on input line 4759.
(pdftex.def)             Requested size: 469.75386pt x 325.2142pt.
[95 <./AlejandroAlarcon_Final.Rmd_files/figure-latex/unnamed-chunk-149-1.pdf>]
<AlejandroAlarcon_Final.Rmd_files/figure-latex/unnamed-chunk-151-1.pdf, id=1250
, 469.755pt x 325.215pt>
File: AlejandroAlarcon_Final.Rmd_files/figure-latex/unnamed-chunk-151-1.pdf Gra
phic file (type pdf)
<use AlejandroAlarcon_Final.Rmd_files/figure-latex/unnamed-chunk-151-1.pdf>
Package pdftex.def Info: AlejandroAlarcon_Final.Rmd_files/figure-latex/unnamed-
chunk-151-1.pdf  used on input line 4792.
(pdftex.def)             Requested size: 469.75386pt x 325.2142pt.

Underfull \hbox (badness 10000) in paragraph at lines 4792--4798
[][]
 []

[96 <./AlejandroAlarcon_Final.Rmd_files/figure-latex/unnamed-chunk-150-1.pdf>] 
[97 <./AlejandroAlarcon_Final.Rmd_files/figure-latex/unnamed-chunk-151-1.pdf>] 
[98]
<AlejandroAlarcon_Final.Rmd_files/figure-latex/unnamed-chunk-159-1.pdf, id=1274
, 469.755pt x 325.215pt>
File: AlejandroAlarcon_Final.Rmd_files/figure-latex/unnamed-chunk-159-1.pdf Gra
phic file (type pdf)
<use AlejandroAlarcon_Final.Rmd_files/figure-latex/unnamed-chunk-159-1.pdf>
Package pdftex.def Info: AlejandroAlarcon_Final.Rmd_files/figure-latex/unnamed-
chunk-159-1.pdf  used on input line 5017.
(pdftex.def)             Requested size: 469.75386pt x 325.2142pt.
[99]
<AlejandroAlarcon_Final.Rmd_files/figure-latex/unnamed-chunk-160-1.pdf, id=1279
, 469.755pt x 325.215pt>
File: AlejandroAlarcon_Final.Rmd_files/figure-latex/unnamed-chunk-160-1.pdf Gra
phic file (type pdf)
<use AlejandroAlarcon_Final.Rmd_files/figure-latex/unnamed-chunk-160-1.pdf>
Package pdftex.def Info: AlejandroAlarcon_Final.Rmd_files/figure-latex/unnamed-
chunk-160-1.pdf  used on input line 5046.
(pdftex.def)             Requested size: 469.75386pt x 325.2142pt.
[100 <./AlejandroAlarcon_Final.Rmd_files/figure-latex/unnamed-chunk-159-1.pdf>]
<AlejandroAlarcon_Final.Rmd_files/figure-latex/unnamed-chunk-161-1.pdf, id=1289
, 469.755pt x 325.215pt>
File: AlejandroAlarcon_Final.Rmd_files/figure-latex/unnamed-chunk-161-1.pdf Gra
phic file (type pdf)
<use AlejandroAlarcon_Final.Rmd_files/figure-latex/unnamed-chunk-161-1.pdf>
Package pdftex.def Info: AlejandroAlarcon_Final.Rmd_files/figure-latex/unnamed-
chunk-161-1.pdf  used on input line 5079.
(pdftex.def)             Requested size: 469.75386pt x 325.2142pt.

Underfull \hbox (badness 10000) in paragraph at lines 5079--5083
[][]
 []

[101 <./AlejandroAlarcon_Final.Rmd_files/figure-latex/unnamed-chunk-160-1.pdf>]
[102 <./AlejandroAlarcon_Final.Rmd_files/figure-latex/unnamed-chunk-161-1.pdf>]
<AlejandroAlarcon_Final.Rmd_files/figure-latex/unnamed-chunk-165-1.pdf, id=1308
, 469.755pt x 325.215pt>
File: AlejandroAlarcon_Final.Rmd_files/figure-latex/unnamed-chunk-165-1.pdf Gra
phic file (type pdf)
<use AlejandroAlarcon_Final.Rmd_files/figure-latex/unnamed-chunk-165-1.pdf>
Package pdftex.def Info: AlejandroAlarcon_Final.Rmd_files/figure-latex/unnamed-
chunk-165-1.pdf  used on input line 5173.
(pdftex.def)             Requested size: 469.75386pt x 325.2142pt.

Underfull \hbox (badness 1320) in paragraph at lines 5173--5176
[][] \T1/lmr/m/n/10 En
 []

[103 <./AlejandroAlarcon_Final.Rmd_files/figure-latex/unnamed-chunk-165-1.pdf>]
<AlejandroAlarcon_Final.Rmd_files/figure-latex/unnamed-chunk-166-1.pdf, id=1319
, 469.755pt x 325.215pt>
File: AlejandroAlarcon_Final.Rmd_files/figure-latex/unnamed-chunk-166-1.pdf Gra
phic file (type pdf)
<use AlejandroAlarcon_Final.Rmd_files/figure-latex/unnamed-chunk-166-1.pdf>
Package pdftex.def Info: AlejandroAlarcon_Final.Rmd_files/figure-latex/unnamed-
chunk-166-1.pdf  used on input line 5200.
(pdftex.def)             Requested size: 469.75386pt x 325.2142pt.
[104 <./AlejandroAlarcon_Final.Rmd_files/figure-latex/unnamed-chunk-166-1.pdf>]
<AlejandroAlarcon_Final.Rmd_files/figure-latex/unnamed-chunk-169-1.pdf, id=1329
, 469.755pt x 325.215pt>
File: AlejandroAlarcon_Final.Rmd_files/figure-latex/unnamed-chunk-169-1.pdf Gra
phic file (type pdf)
<use AlejandroAlarcon_Final.Rmd_files/figure-latex/unnamed-chunk-169-1.pdf>
Package pdftex.def Info: AlejandroAlarcon_Final.Rmd_files/figure-latex/unnamed-
chunk-169-1.pdf  used on input line 5278.
(pdftex.def)             Requested size: 469.75386pt x 325.2142pt.
[105 <./AlejandroAlarcon_Final.Rmd_files/figure-latex/unnamed-chunk-169-1.pdf>]
<AlejandroAlarcon_Final.Rmd_files/figure-latex/unnamed-chunk-170-1.pdf, id=1339
, 469.755pt x 325.215pt>
File: AlejandroAlarcon_Final.Rmd_files/figure-latex/unnamed-chunk-170-1.pdf Gra
phic file (type pdf)
<use AlejandroAlarcon_Final.Rmd_files/figure-latex/unnamed-chunk-170-1.pdf>
Package pdftex.def Info: AlejandroAlarcon_Final.Rmd_files/figure-latex/unnamed-
chunk-170-1.pdf  used on input line 5291.
(pdftex.def)             Requested size: 469.75386pt x 325.2142pt.
[106 <./AlejandroAlarcon_Final.Rmd_files/figure-latex/unnamed-chunk-170-1.pdf>]
<AlejandroAlarcon_Final.Rmd_files/figure-latex/unnamed-chunk-172-1.pdf, id=1349
, 469.755pt x 325.215pt>
File: AlejandroAlarcon_Final.Rmd_files/figure-latex/unnamed-chunk-172-1.pdf Gra
phic file (type pdf)
<use AlejandroAlarcon_Final.Rmd_files/figure-latex/unnamed-chunk-172-1.pdf>
Package pdftex.def Info: AlejandroAlarcon_Final.Rmd_files/figure-latex/unnamed-
chunk-172-1.pdf  used on input line 5383.
(pdftex.def)             Requested size: 469.75386pt x 325.2142pt.
[107 <./AlejandroAlarcon_Final.Rmd_files/figure-latex/unnamed-chunk-172-1.pdf>]
<AlejandroAlarcon_Final.Rmd_files/figure-latex/unnamed-chunk-174-1.pdf, id=1359
, 469.755pt x 325.215pt>
File: AlejandroAlarcon_Final.Rmd_files/figure-latex/unnamed-chunk-174-1.pdf Gra
phic file (type pdf)
<use AlejandroAlarcon_Final.Rmd_files/figure-latex/unnamed-chunk-174-1.pdf>
Package pdftex.def Info: AlejandroAlarcon_Final.Rmd_files/figure-latex/unnamed-
chunk-174-1.pdf  used on input line 5418.
(pdftex.def)             Requested size: 469.75386pt x 325.2142pt.
[108 <./AlejandroAlarcon_Final.Rmd_files/figure-latex/unnamed-chunk-174-1.pdf>]
[109]
<AlejandroAlarcon_Final.Rmd_files/figure-latex/unnamed-chunk-179-1.pdf, id=1375
, 469.755pt x 325.215pt>
File: AlejandroAlarcon_Final.Rmd_files/figure-latex/unnamed-chunk-179-1.pdf Gra
phic file (type pdf)
<use AlejandroAlarcon_Final.Rmd_files/figure-latex/unnamed-chunk-179-1.pdf>
Package pdftex.def Info: AlejandroAlarcon_Final.Rmd_files/figure-latex/unnamed-
chunk-179-1.pdf  used on input line 5572.
(pdftex.def)             Requested size: 469.75386pt x 325.2142pt.
[110 <./AlejandroAlarcon_Final.Rmd_files/figure-latex/unnamed-chunk-179-1.pdf>]
<AlejandroAlarcon_Final.Rmd_files/figure-latex/unnamed-chunk-182-1.pdf, id=1386
, 469.755pt x 325.215pt>
File: AlejandroAlarcon_Final.Rmd_files/figure-latex/unnamed-chunk-182-1.pdf Gra
phic file (type pdf)
<use AlejandroAlarcon_Final.Rmd_files/figure-latex/unnamed-chunk-182-1.pdf>
Package pdftex.def Info: AlejandroAlarcon_Final.Rmd_files/figure-latex/unnamed-
chunk-182-1.pdf  used on input line 5647.
(pdftex.def)             Requested size: 469.75386pt x 325.2142pt.
[111]
<AlejandroAlarcon_Final.Rmd_files/figure-latex/unnamed-chunk-184-1.pdf, id=1391
, 469.755pt x 325.215pt>
File: AlejandroAlarcon_Final.Rmd_files/figure-latex/unnamed-chunk-184-1.pdf Gra
phic file (type pdf)
<use AlejandroAlarcon_Final.Rmd_files/figure-latex/unnamed-chunk-184-1.pdf>
Package pdftex.def Info: AlejandroAlarcon_Final.Rmd_files/figure-latex/unnamed-
chunk-184-1.pdf  used on input line 5678.
(pdftex.def)             Requested size: 469.75386pt x 325.2142pt.
[112 <./AlejandroAlarcon_Final.Rmd_files/figure-latex/unnamed-chunk-182-1.pdf>]
[113 <./AlejandroAlarcon_Final.Rmd_files/figure-latex/unnamed-chunk-184-1.pdf>]
[114]
<AlejandroAlarcon_Final.Rmd_files/figure-latex/unnamed-chunk-188-1.pdf, id=1417
, 469.755pt x 325.215pt>
File: AlejandroAlarcon_Final.Rmd_files/figure-latex/unnamed-chunk-188-1.pdf Gra
phic file (type pdf)
<use AlejandroAlarcon_Final.Rmd_files/figure-latex/unnamed-chunk-188-1.pdf>
Package pdftex.def Info: AlejandroAlarcon_Final.Rmd_files/figure-latex/unnamed-
chunk-188-1.pdf  used on input line 5822.
(pdftex.def)             Requested size: 469.75386pt x 325.2142pt.
<AlejandroAlarcon_Final.Rmd_files/figure-latex/unnamed-chunk-189-1.pdf, id=1418
, 469.755pt x 325.215pt>
File: AlejandroAlarcon_Final.Rmd_files/figure-latex/unnamed-chunk-189-1.pdf Gra
phic file (type pdf)
<use AlejandroAlarcon_Final.Rmd_files/figure-latex/unnamed-chunk-189-1.pdf>
Package pdftex.def Info: AlejandroAlarcon_Final.Rmd_files/figure-latex/unnamed-
chunk-189-1.pdf  used on input line 5837.
(pdftex.def)             Requested size: 469.75386pt x 325.2142pt.

Underfull \hbox (badness 10000) in paragraph at lines 5837--5840
[][]
 []

[115 <./AlejandroAlarcon_Final.Rmd_files/figure-latex/unnamed-chunk-188-1.pdf>]
<AlejandroAlarcon_Final.Rmd_files/figure-latex/unnamed-chunk-190-1.pdf, id=1429
, 469.755pt x 325.215pt>
File: AlejandroAlarcon_Final.Rmd_files/figure-latex/unnamed-chunk-190-1.pdf Gra
phic file (type pdf)
<use AlejandroAlarcon_Final.Rmd_files/figure-latex/unnamed-chunk-190-1.pdf>
Package pdftex.def Info: AlejandroAlarcon_Final.Rmd_files/figure-latex/unnamed-
chunk-190-1.pdf  used on input line 5848.
(pdftex.def)             Requested size: 469.75386pt x 325.2142pt.

Underfull \hbox (badness 10000) in paragraph at lines 5848--5854
[][]
 []

[116 <./AlejandroAlarcon_Final.Rmd_files/figure-latex/unnamed-chunk-189-1.pdf> 
<./AlejandroAlarcon_Final.Rmd_files/figure-latex/unnamed-chunk-190-1.pdf>] [117
]
Overfull \hbox (46.11069pt too wide) in paragraph at lines 6010--6010
[]                                                    \T1/lmtt/m/n/10 fuelTypef
.Fuel-Petrol:transmissionf.Trans-SemiAuto[] 
 []


Overfull \hbox (46.11069pt too wide) in paragraph at lines 6010--6010
[]                                                    \T1/lmtt/m/n/10 fuelTypef
.Fuel-Hybrid:transmissionf.Trans-SemiAuto[] 
 []


Overfull \hbox (51.36067pt too wide) in paragraph at lines 6010--6010
[]                                                    \T1/lmtt/m/n/10 fuelTypef
.Fuel-Petrol:transmissionf.Trans-Automatic[] 
 []

[118] [119] [120]
<AlejandroAlarcon_Final.Rmd_files/figure-latex/unnamed-chunk-202-1.pdf, id=1468
, 469.755pt x 325.215pt>
File: AlejandroAlarcon_Final.Rmd_files/figure-latex/unnamed-chunk-202-1.pdf Gra
phic file (type pdf)
<use AlejandroAlarcon_Final.Rmd_files/figure-latex/unnamed-chunk-202-1.pdf>
Package pdftex.def Info: AlejandroAlarcon_Final.Rmd_files/figure-latex/unnamed-
chunk-202-1.pdf  used on input line 6249.
(pdftex.def)             Requested size: 469.75386pt x 325.2142pt.
[121] [122 <./AlejandroAlarcon_Final.Rmd_files/figure-latex/unnamed-chunk-202-1
.pdf>] [123] [124]
<AlejandroAlarcon_Final.Rmd_files/figure-latex/unnamed-chunk-208-1.pdf, id=1493
, 469.755pt x 325.215pt>
File: AlejandroAlarcon_Final.Rmd_files/figure-latex/unnamed-chunk-208-1.pdf Gra
phic file (type pdf)
<use AlejandroAlarcon_Final.Rmd_files/figure-latex/unnamed-chunk-208-1.pdf>
Package pdftex.def Info: AlejandroAlarcon_Final.Rmd_files/figure-latex/unnamed-
chunk-208-1.pdf  used on input line 6478.
(pdftex.def)             Requested size: 469.75386pt x 325.2142pt.
<AlejandroAlarcon_Final.Rmd_files/figure-latex/unnamed-chunk-208-2.pdf, id=1494
, 469.755pt x 325.215pt>
File: AlejandroAlarcon_Final.Rmd_files/figure-latex/unnamed-chunk-208-2.pdf Gra
phic file (type pdf)
<use AlejandroAlarcon_Final.Rmd_files/figure-latex/unnamed-chunk-208-2.pdf>
Package pdftex.def Info: AlejandroAlarcon_Final.Rmd_files/figure-latex/unnamed-
chunk-208-2.pdf  used on input line 6501.
(pdftex.def)             Requested size: 469.75386pt x 325.2142pt.
[125 <./AlejandroAlarcon_Final.Rmd_files/figure-latex/unnamed-chunk-208-1.pdf>]
<AlejandroAlarcon_Final.Rmd_files/figure-latex/unnamed-chunk-208-3.pdf, id=1504
, 469.755pt x 325.215pt>
File: AlejandroAlarcon_Final.Rmd_files/figure-latex/unnamed-chunk-208-3.pdf Gra
phic file (type pdf)
<use AlejandroAlarcon_Final.Rmd_files/figure-latex/unnamed-chunk-208-3.pdf>
Package pdftex.def Info: AlejandroAlarcon_Final.Rmd_files/figure-latex/unnamed-
chunk-208-3.pdf  used on input line 6509.
(pdftex.def)             Requested size: 469.75386pt x 325.2142pt.
<AlejandroAlarcon_Final.Rmd_files/figure-latex/unnamed-chunk-208-4.pdf, id=1505
, 469.755pt x 325.215pt>
File: AlejandroAlarcon_Final.Rmd_files/figure-latex/unnamed-chunk-208-4.pdf Gra
phic file (type pdf)
<use AlejandroAlarcon_Final.Rmd_files/figure-latex/unnamed-chunk-208-4.pdf>
Package pdftex.def Info: AlejandroAlarcon_Final.Rmd_files/figure-latex/unnamed-
chunk-208-4.pdf  used on input line 6517.
(pdftex.def)             Requested size: 469.75386pt x 325.2142pt.
[126 <./AlejandroAlarcon_Final.Rmd_files/figure-latex/unnamed-chunk-208-2.pdf> 
<./AlejandroAlarcon_Final.Rmd_files/figure-latex/unnamed-chunk-208-3.pdf>]
<AlejandroAlarcon_Final.Rmd_files/figure-latex/unnamed-chunk-209-1.pdf, id=1521
, 469.755pt x 325.215pt>
File: AlejandroAlarcon_Final.Rmd_files/figure-latex/unnamed-chunk-209-1.pdf Gra
phic file (type pdf)
<use AlejandroAlarcon_Final.Rmd_files/figure-latex/unnamed-chunk-209-1.pdf>
Package pdftex.def Info: AlejandroAlarcon_Final.Rmd_files/figure-latex/unnamed-
chunk-209-1.pdf  used on input line 6530.
(pdftex.def)             Requested size: 469.75386pt x 325.2142pt.
[127 <./AlejandroAlarcon_Final.Rmd_files/figure-latex/unnamed-chunk-208-4.pdf> 
<./AlejandroAlarcon_Final.Rmd_files/figure-latex/unnamed-chunk-209-1.pdf>] [128
] [129] [130] [131] [132] [133] [134]
<AlejandroAlarcon_Final.Rmd_files/figure-latex/unnamed-chunk-218-1.pdf, id=1572
, 469.755pt x 325.215pt>
File: AlejandroAlarcon_Final.Rmd_files/figure-latex/unnamed-chunk-218-1.pdf Gra
phic file (type pdf)
<use AlejandroAlarcon_Final.Rmd_files/figure-latex/unnamed-chunk-218-1.pdf>
Package pdftex.def Info: AlejandroAlarcon_Final.Rmd_files/figure-latex/unnamed-
chunk-218-1.pdf  used on input line 7162.
(pdftex.def)             Requested size: 469.75386pt x 325.2142pt.
[135]
<AlejandroAlarcon_Final.Rmd_files/figure-latex/unnamed-chunk-220-1.pdf, id=1577
, 469.755pt x 325.215pt>
File: AlejandroAlarcon_Final.Rmd_files/figure-latex/unnamed-chunk-220-1.pdf Gra
phic file (type pdf)
<use AlejandroAlarcon_Final.Rmd_files/figure-latex/unnamed-chunk-220-1.pdf>
Package pdftex.def Info: AlejandroAlarcon_Final.Rmd_files/figure-latex/unnamed-
chunk-220-1.pdf  used on input line 7204.
(pdftex.def)             Requested size: 469.75386pt x 325.2142pt.
[136 <./AlejandroAlarcon_Final.Rmd_files/figure-latex/unnamed-chunk-218-1.pdf>]
[137 <./AlejandroAlarcon_Final.Rmd_files/figure-latex/unnamed-chunk-220-1.pdf>]
[138]
<AlejandroAlarcon_Final.Rmd_files/figure-latex/unnamed-chunk-223-1.pdf, id=1600
, 469.755pt x 325.215pt>
File: AlejandroAlarcon_Final.Rmd_files/figure-latex/unnamed-chunk-223-1.pdf Gra
phic file (type pdf)
<use AlejandroAlarcon_Final.Rmd_files/figure-latex/unnamed-chunk-223-1.pdf>
Package pdftex.def Info: AlejandroAlarcon_Final.Rmd_files/figure-latex/unnamed-
chunk-223-1.pdf  used on input line 7353.
(pdftex.def)             Requested size: 469.75386pt x 325.2142pt.
[139 <./AlejandroAlarcon_Final.Rmd_files/figure-latex/unnamed-chunk-223-1.pdf>]
LaTeX Font Info:    Trying to load font information for TS1+lmtt on input line 
7454.
(/Users/aleibz/Library/TinyTeX/texmf-dist/tex/latex/lm/ts1lmtt.fd
File: ts1lmtt.fd 2015/05/01 v1.6.1 Font defs for Latin Modern
) [140]
<AlejandroAlarcon_Final.Rmd_files/figure-latex/unnamed-chunk-230-1.pdf, id=1617
, 469.755pt x 325.215pt>
File: AlejandroAlarcon_Final.Rmd_files/figure-latex/unnamed-chunk-230-1.pdf Gra
phic file (type pdf)
<use AlejandroAlarcon_Final.Rmd_files/figure-latex/unnamed-chunk-230-1.pdf>
Package pdftex.def Info: AlejandroAlarcon_Final.Rmd_files/figure-latex/unnamed-
chunk-230-1.pdf  used on input line 7530.
(pdftex.def)             Requested size: 469.75386pt x 325.2142pt.

Underfull \hbox (badness 10000) in paragraph at lines 7530--7533
[][]
 []

[141] [142 <./AlejandroAlarcon_Final.Rmd_files/figure-latex/unnamed-chunk-230-1
.pdf>] [143] (./AlejandroAlarcon_Final.Rmd.aux)
Package rerunfilecheck Info: File `AlejandroAlarcon_Final.Rmd.out' has not chan
ged.
(rerunfilecheck)             Checksum: ACEA0193DD4601842215266D10EA4F74;11051.
 ) 
Here is how much of TeX's memory you used:
 11899 strings out of 480539
 209580 string characters out of 5901723
 502747 words of memory out of 5000000
 28995 multiletter control sequences out of 15000+600000
 449976 words of font info for 69 fonts, out of 8000000 for 9000
 14 hyphenation exceptions out of 8191
 60i,6n,66p,784b,469s stack positions out of 5000i,500n,10000p,200000b,80000s
{/Users/aleibz/Library/TinyTeX/texmf-dist/fonts/enc/dvips/lm/lm-ts1.enc}{/Use
rs/aleibz/Library/TinyTeX/texmf-dist/fonts/enc/dvips/lm/lm-ec.enc}</Users/aleib
z/Library/TinyTeX/texmf-dist/fonts/type1/public/lm/lmbx10.pfb></Users/aleibz/Li
brary/TinyTeX/texmf-dist/fonts/type1/public/lm/lmbx12.pfb></Users/aleibz/Librar
y/TinyTeX/texmf-dist/fonts/type1/public/lm/lmr10.pfb></Users/aleibz/Library/Tin
yTeX/texmf-dist/fonts/type1/public/lm/lmr12.pfb></Users/aleibz/Library/TinyTeX/
texmf-dist/fonts/type1/public/lm/lmr17.pfb></Users/aleibz/Library/TinyTeX/texmf
-dist/fonts/type1/public/lm/lmtk10.pfb></Users/aleibz/Library/TinyTeX/texmf-dis
t/fonts/type1/public/lm/lmtt10.pfb></Users/aleibz/Library/TinyTeX/texmf-dist/fo
nts/type1/public/lm/lmtti10.pfb>
Output written on AlejandroAlarcon_Final.Rmd.pdf (143 pages, 27866307 bytes).
PDF statistics:
 1740 PDF objects out of 2073 (max. 8388607)
 1377 compressed objects within 14 object streams
 271 named destinations out of 1000 (max. 500000)
 970 words of extra memory for PDF output out of 10000 (max. 10000000)

